Log file open, 07/22/18 20:23:39
LogWindows: Failed to load 'aqProf.dll' (GetLastError=126)
LogWindows: File 'aqProf.dll' does not exist
LogWindows: Failed to load 'VSPerf140.dll' (GetLastError=126)
LogWindows: File 'VSPerf140.dll' does not exist
LogWindows: Failed to load 'VtuneApi.dll' (GetLastError=126)
LogWindows: File 'VtuneApi.dll' does not exist
LogWindows: Failed to load 'VtuneApi32e.dll' (GetLastError=126)
LogWindows: File 'VtuneApi32e.dll' does not exist
LogInit: Display: Running engine for game: OpenWorldFPS
LogPlatformFile: Not using cached read wrapper
LogTaskGraph: Started task graph with 5 named threads and 35 total threads with 3 sets of task threads.
LogStats: Stats thread started at 0.396066
LogD3D11RHI: Loaded GFSDK_Aftermath_Lib.x64.dll
LogICUInternationalization: Display: ICU TimeZone Detection - Raw Offset: +1:00, Platform Override: ''
LogPluginManager: Mounting plugin Paper2D
LogPluginManager: Mounting plugin AISupport
LogPluginManager: Mounting plugin LightPropagationVolume
LogPluginManager: Mounting plugin CLionSourceCodeAccess
LogPluginManager: Mounting plugin CodeLiteSourceCodeAccess
LogPluginManager: Mounting plugin GitSourceControl
LogPluginManager: Mounting plugin KDevelopSourceCodeAccess
LogPluginManager: Mounting plugin NullSourceCodeAccess
LogPluginManager: Mounting plugin PerforceSourceControl
LogPluginManager: Mounting plugin SubversionSourceControl
LogPluginManager: Mounting plugin UObjectPlugin
LogPluginManager: Mounting plugin VisualStudioCodeSourceCodeAccess
LogPluginManager: Mounting plugin VisualStudioSourceCodeAccess
LogPluginManager: Mounting plugin XCodeSourceCodeAccess
LogPluginManager: Mounting plugin AssetManagerEditor
LogPluginManager: Mounting plugin CryptoKeys
LogPluginManager: Mounting plugin DataValidation
LogPluginManager: Mounting plugin FacialAnimation
LogPluginManager: Mounting plugin GameplayTagsEditor
LogPluginManager: Mounting plugin MacGraphicsSwitching
LogPluginManager: Mounting plugin MeshEditor
LogPluginManager: Mounting plugin MobileLauncherProfileWizard
LogPluginManager: Mounting plugin PluginBrowser
LogPluginManager: Mounting plugin SpeedTreeImporter
LogPluginManager: Mounting plugin DatasmithContent
LogPluginManager: Mounting plugin AlembicImporter
LogPluginManager: Mounting plugin AppleImageUtils
LogPluginManager: Mounting plugin AppleVision
LogPluginManager: Mounting plugin BackChannel
LogPluginManager: Mounting plugin CharacterAI
LogPluginManager: Mounting plugin GeometryCache
LogPluginManager: Mounting plugin HTML5Networking
LogPluginManager: Mounting plugin ProxyLODPlugin
LogPluginManager: Mounting plugin MagicLeap
LogPluginManager: Mounting plugin MagicLeapEmulator
LogPluginManager: Mounting plugin MagicLeapMedia
LogPluginManager: Mounting plugin AndroidMedia
LogPluginManager: Mounting plugin AvfMedia
LogPluginManager: Mounting plugin ImgMedia
LogPluginManager: Mounting plugin LinearTimecode
LogPluginManager: Mounting plugin MediaCompositing
LogPluginManager: Mounting plugin MediaPlayerEditor
LogPluginManager: Mounting plugin WmfMedia
LogPluginManager: Mounting plugin TcpMessaging
LogPluginManager: Mounting plugin UdpMessaging
LogPluginManager: Mounting plugin ActorSequence
LogPluginManager: Mounting plugin LevelSequenceEditor
LogPluginManager: Mounting plugin MatineeToLevelSequence
LogPluginManager: Mounting plugin NetcodeUnitTest
LogPluginManager: Mounting plugin NUTUnrealEngine4
LogPluginManager: Mounting plugin OnlineSubsystemGooglePlay
LogPluginManager: Mounting plugin OnlineSubsystemIOS
LogPluginManager: Mounting plugin OnlineSubsystem
LogPluginManager: Mounting plugin OnlineSubsystemNull
LogPluginManager: Mounting plugin OnlineSubsystemUtils
LogPluginManager: Mounting plugin LauncherChunkInstaller
LogPluginManager: Mounting plugin AndroidDeviceProfileSelector
LogPluginManager: Mounting plugin AndroidMoviePlayer
LogPluginManager: Mounting plugin AndroidPermission
LogPluginManager: Mounting plugin AppleMoviePlayer
LogPluginManager: Mounting plugin ArchVisCharacter
LogPluginManager: Mounting plugin AudioCapture
LogPluginManager: Mounting plugin CableComponent
LogPluginManager: Mounting plugin CustomMeshComponent
LogPluginManager: Mounting plugin EditableMesh
LogPluginManager: Mounting plugin ExampleDeviceProfileSelector
LogPluginManager: Mounting plugin GoogleCloudMessaging
LogPluginManager: Mounting plugin ImmediatePhysics
LogPluginManager: Mounting plugin IOSDeviceProfileSelector
LogPluginManager: Mounting plugin LinuxDeviceProfileSelector
LogPluginManager: Mounting plugin LocationServicesBPLibrary
LogPluginManager: Mounting plugin MobilePatchingUtils
LogPluginManager: Mounting plugin OculusVR
LogPluginManager: Plugin shader directory ../../../Engine/Plugins/Runtime/Oculus/OculusVR/Shaders found
LogPluginManager: Mapping shader source directory ../../../Engine/Plugins/Runtime/Oculus/OculusVR/Shaders to virtual directory /Plugin/OculusVR
LogPluginManager: Mounting plugin PhysXVehicles
LogPluginManager: Mounting plugin ProceduralMeshComponent
LogPluginManager: Mounting plugin RuntimePhysXCooking
LogPluginManager: Mounting plugin SteamVR
LogPluginManager: Mounting plugin WindowsMoviePlayer
LogStreaming: Display: Took  0.194s to configure plugins.
LogInit: Using libcurl 7.55.1-DEV
LogInit:  - built for x86_64-pc-win32
LogInit:  - supports SSL with OpenSSL/1.0.2h
LogInit:  - supports HTTP deflate (compression) using libz 1.2.8
LogInit:  - other features:
LogInit:      CURL_VERSION_SSL
LogInit:      CURL_VERSION_LIBZ
LogInit:      CURL_VERSION_IPV6
LogInit:      CURL_VERSION_ASYNCHDNS
LogInit:      CURL_VERSION_LARGEFILE
LogInit:      CURL_VERSION_IDN
LogInit:  CurlRequestOptions (configurable via config and command line):
LogInit:  - bVerifyPeer = false  - Libcurl will NOT verify peer certificate
LogInit:  - bUseHttpProxy = false  - Libcurl will NOT use HTTP proxy
LogInit:  - bDontReuseConnections = false  - Libcurl will reuse connections
LogInit:  - CertBundlePath = nullptr  - Libcurl will use whatever was configured at build time.
LogInit:  - MaxHostConnections = 16  - Libcurl will limit the number of connections to a host
LogInit:  - LocalHostAddr = Default
LogInit:  - BufferSize = 65536
LogInit: WinSock: version 1.1 (2.2), MaxSocks=32767, MaxUdp=65467
LogInit: Build: ++UE4+Release-4.20-CL-4212847
LogInit: Engine Version: 4.20.0-4212847+++UE4+Release-4.20
LogInit: Compatible Engine Version: 4.20.0-4212847+++UE4+Release-4.20
LogInit: Net CL: 4212847
LogInit: OS: Windows 10 (), CPU: Intel(R) Core(TM) i7-8700K CPU @ 3.70GHz, GPU: NVIDIA GeForce GTX 1060 6GB
LogInit: Compiled (64-bit): Jul 14 2018 09:51:14
LogInit: Compiled with Visual C++: 19.13.26129.00
LogInit: Build Configuration: Development
LogInit: Branch Name: ++UE4+Release-4.20
LogInit: Command Line: -EpicPortal 
LogInit: Base Directory: E:/UN4/UE_4.20/Engine/Binaries/Win64/
LogInit: Installed Engine Build: 1
LogDevObjectVersion: Number of dev versions registered: 20
LogDevObjectVersion:   Dev-Blueprints (B0D832E4-1F89-4F0D-ACCF-7EB736FD4AA2): 10
LogDevObjectVersion:   Dev-Build (E1C64328-A22C-4D53-A36C-8E866417BD8C): 0
LogDevObjectVersion:   Dev-Core (375EC13C-06E4-48FB-B500-84F0262A717E): 2
LogDevObjectVersion:   Dev-Editor (E4B068ED-F494-42E9-A231-DA0B2E46BB41): 24
LogDevObjectVersion:   Dev-Framework (CFFC743F-43B0-4480-9391-14DF171D2073): 34
LogDevObjectVersion:   Dev-Mobile (B02B49B5-BB20-44E9-A304-32B752E40360): 2
LogDevObjectVersion:   Dev-Networking (A4E4105C-59A1-49B5-A7C5-40C4547EDFEE): 0
LogDevObjectVersion:   Dev-Online (39C831C9-5AE6-47DC-9A44-9C173E1C8E7C): 0
LogDevObjectVersion:   Dev-Physics (78F01B33-EBEA-4F98-B9B4-84EACCB95AA2): 0
LogDevObjectVersion:   Dev-Platform (6631380F-2D4D-43E0-8009-CF276956A95A): 0
LogDevObjectVersion:   Dev-Rendering (12F88B9F-8875-4AFC-A67C-D90C383ABD29): 26
LogDevObjectVersion:   Dev-Sequencer (7B5AE74C-D270-4C10-A958-57980B212A5A): 9
LogDevObjectVersion:   Dev-VR (D7296918-1DD6-4BDD-9DE2-64A83CC13884): 2
LogDevObjectVersion:   Dev-LoadTimes (C2A15278-BFE7-4AFE-6C17-90FF531DF755): 1
LogDevObjectVersion:   Private-Geometry (6EACA3D4-40EC-4CC1-B786-8BED09428FC5): 3
LogDevObjectVersion:   Dev-AnimPhys (29E575DD-E0A3-4627-9D10-D276232CDCEA): 17
LogDevObjectVersion:   Dev-ReflectionCapture (6B266CEC-1EC7-4B8F-A30B-E4D90942FC07): 1
LogDevObjectVersion:   Dev-Automation (0DF73D61-A23F-47EA-B727-89E90C41499A): 1
LogDevObjectVersion:   FortniteMain (601D1886-AC64-4F84-AA16-D3DE0DEAC7D6): 12
LogDevObjectVersion:   Dev-Enterprise (9DFFBCD6-494F-0158-E221-12823C92A888): 1
LogStreaming: Display: Took  0.000s to delete old logs.
LogInit: Presizing for max 8388607 objects, including 0 objects not considered by GC, pre-allocating 0 bytes for permanent pool.
LogInit: Object subsystem initialized
[2018.07.22-18.23.39:904][  0]LogInit: Selected Device Profile: [Windows]
[2018.07.22-18.23.39:904][  0]LogInit: Applying CVar settings loaded from the selected device profile: [Windows]
[2018.07.22-18.23.39:945][  0]LogHAL: Display: Platform has ~ 16 GB [17138315264 / 17179869184 / 16], which maps to Larger [LargestMinGB=32, LargerMinGB=12, DefaultMinGB=8, SmallerMinGB=6, SmallestMinGB=0)
[2018.07.22-18.23.39:945][  0]LogInit: Setting Device Profile CVar: [[r.Vulkan.UseRealUBs:1]]
[2018.07.22-18.23.39:945][  0]LogInit: Going up to parent DeviceProfile []
[2018.07.22-18.23.39:946][  0]LogInit: Computer: DESKTOP-I3NAU9O
[2018.07.22-18.23.39:946][  0]LogInit: User: Smily
[2018.07.22-18.23.39:946][  0]LogInit: CPU Page size=4096, Cores=6
[2018.07.22-18.23.39:946][  0]LogInit: High frequency timer resolution =3.609383 MHz
[2018.07.22-18.23.39:946][  0]LogMemory: Memory total: Physical=16.0GB (16GB approx)
[2018.07.22-18.23.39:946][  0]LogMemory: Platform Memory Stats for Windows
[2018.07.22-18.23.39:946][  0]LogMemory: Process Physical Memory: 101.17 MB used, 101.17 MB peak
[2018.07.22-18.23.39:946][  0]LogMemory: Process Virtual Memory: 86.03 MB used, 86.03 MB peak
[2018.07.22-18.23.39:946][  0]LogMemory: Physical Memory: 7471.00 MB used,  8873.38 MB free, 16344.37 MB total
[2018.07.22-18.23.39:946][  0]LogMemory: Virtual Memory: 4651.26 MB used,  8873.38 MB free, 134217728.00 MB total
[2018.07.22-18.23.39:971][  0]LogInit: Using OS detected language (de-DE).
[2018.07.22-18.23.39:971][  0]LogInit: Using OS detected locale (de-DE).
[2018.07.22-18.23.39:971][  0]LogTextLocalizationManager: No specific localization for 'de-DE' exists, so the 'de' localization will be used.
[2018.07.22-18.23.39:972][  0]LogStreaming: Display: Took  0.001s to InitEngineTextLocalization.
[2018.07.22-18.23.39:972][  0]LogInit: Setting process to per monitor DPI aware
[2018.07.22-18.23.40:002][  0]LogSlate: New Slate User Created.  User Index 0, Is Virtual User: 0
[2018.07.22-18.23.40:002][  0]LogSlate: Slate User Registered.  User Index 0, Is Virtual User: 0
[2018.07.22-18.23.40:130][  0]LogHMD: Failed to initialize OpenVR with code 110
[2018.07.22-18.23.40:130][  0]LogD3D11RHI: D3D11 adapters:
[2018.07.22-18.23.40:186][  0]LogD3D11RHI:    0. 'NVIDIA GeForce GTX 1060 6GB' (Feature Level 11_0)
[2018.07.22-18.23.40:186][  0]LogD3D11RHI:       6052/0/8172 MB DedicatedVideo/DedicatedSystem/SharedSystem, Outputs:2, VendorId:0x10de
[2018.07.22-18.23.40:187][  0]LogD3D11RHI:    1. 'Microsoft Basic Render Driver' (Feature Level 11_0)
[2018.07.22-18.23.40:187][  0]LogD3D11RHI:       0/0/8172 MB DedicatedVideo/DedicatedSystem/SharedSystem, Outputs:0, VendorId:0x1414
[2018.07.22-18.23.40:187][  0]LogD3D11RHI: Chosen D3D11 Adapter: 0
[2018.07.22-18.23.40:191][  0]LogD3D11RHI: Creating new Direct3DDevice
[2018.07.22-18.23.40:191][  0]LogD3D11RHI:     GPU DeviceId: 0x1c03 (for the marketing name, search the web for "GPU Device Id")
[2018.07.22-18.23.40:191][  0]LogWindows: EnumDisplayDevices:
[2018.07.22-18.23.40:191][  0]LogWindows:    0. 'NVIDIA GeForce GTX 1060 6GB' (P:1 D:1)
[2018.07.22-18.23.40:192][  0]LogWindows:    1. 'NVIDIA GeForce GTX 1060 6GB' (P:0 D:1)
[2018.07.22-18.23.40:192][  0]LogWindows:    2. 'NVIDIA GeForce GTX 1060 6GB' (P:0 D:0)
[2018.07.22-18.23.40:192][  0]LogWindows:    3. 'NVIDIA GeForce GTX 1060 6GB' (P:0 D:0)
[2018.07.22-18.23.40:192][  0]LogWindows: DebugString: FoundDriverCount:4 
[2018.07.22-18.23.40:192][  0]LogD3D11RHI:     Adapter Name: NVIDIA GeForce GTX 1060 6GB
[2018.07.22-18.23.40:192][  0]LogD3D11RHI:   Driver Version: 398.36 (internal:24.21.13.9836, unified:398.36)
[2018.07.22-18.23.40:192][  0]LogD3D11RHI:      Driver Date: 6-24-2018
[2018.07.22-18.23.40:192][  0]LogRHI: Texture pool is 4236 MB (70% of 6052 MB)
[2018.07.22-18.23.40:221][  0]LogD3D11RHI: Async texture creation enabled
[2018.07.22-18.23.40:245][  0]LogD3D11RHI: GPU Timing Frequency: 1000.000000 (Debug: 2 2)
[2018.07.22-18.23.40:339][  0]LogShaderCompilers: Guid format shader working directory is 12 characters bigger than the processId version (../../../../Projekte/OpenWorldFPS/Intermediate/Shaders/WorkingDirectory/13120/).
[2018.07.22-18.23.40:340][  0]LogShaderCompilers: Cleaned the shader compiler working directory 'C:/Users/Smily/AppData/Local/Temp/UnrealShaderWorkingDir/C9E8766F409090296C683A8E9F2B5E92/'.
[2018.07.22-18.23.40:538][  0]LogTemp: Display: Loaded TP AllDesktopTargetPlatform
[2018.07.22-18.23.40:547][  0]LogTemp: Display: Loaded TP MacClientTargetPlatform
[2018.07.22-18.23.40:557][  0]LogTemp: Display: Loaded TP MacNoEditorTargetPlatform
[2018.07.22-18.23.40:566][  0]LogTemp: Display: Loaded TP MacServerTargetPlatform
[2018.07.22-18.23.40:576][  0]LogTemp: Display: Loaded TP MacTargetPlatform
[2018.07.22-18.23.40:585][  0]LogTemp: Display: Loaded TP WindowsClientTargetPlatform
[2018.07.22-18.23.40:595][  0]LogTemp: Display: Loaded TP WindowsNoEditorTargetPlatform
[2018.07.22-18.23.40:605][  0]LogTemp: Display: Loaded TP WindowsServerTargetPlatform
[2018.07.22-18.23.40:609][  0]LogTemp: Display: Loaded TP WindowsTargetPlatform
[2018.07.22-18.23.40:668][  0]LogTemp: Display: Loaded TP AndroidTargetPlatform
[2018.07.22-18.23.40:668][  0]LogTemp: Display: Loaded TP AndroidTargetPlatform
[2018.07.22-18.23.40:668][  0]LogTemp: Display: Loaded TP AndroidTargetPlatform
[2018.07.22-18.23.40:668][  0]LogTemp: Display: Loaded TP AndroidTargetPlatform
[2018.07.22-18.23.40:668][  0]LogTemp: Display: Loaded TP AndroidTargetPlatform
[2018.07.22-18.23.40:668][  0]LogTemp: Display: Loaded TP AndroidTargetPlatform
[2018.07.22-18.23.40:668][  0]LogTemp: Display: Loaded TP AndroidTargetPlatform
[2018.07.22-18.23.40:668][  0]LogTemp: Display: Loaded TP AndroidTargetPlatform
[2018.07.22-18.23.40:668][  0]LogTemp: Display: Loaded TP AndroidTargetPlatform
[2018.07.22-18.23.40:668][  0]LogTemp: Display: Loaded TP AndroidTargetPlatform
[2018.07.22-18.23.40:668][  0]LogTemp: Display: Loaded TP AndroidTargetPlatform
[2018.07.22-18.23.40:668][  0]LogTemp: Display: Loaded TP AndroidTargetPlatform
[2018.07.22-18.23.40:668][  0]LogTemp: Display: Loaded TP AndroidTargetPlatform
[2018.07.22-18.23.40:668][  0]LogTemp: Display: Loaded TP AndroidTargetPlatform
[2018.07.22-18.23.40:668][  0]LogTemp: Display: Loaded TP AndroidTargetPlatform
[2018.07.22-18.23.40:668][  0]LogTemp: Display: Loaded TP AndroidTargetPlatform
[2018.07.22-18.23.40:668][  0]LogTemp: Display: Loaded TP AndroidTargetPlatform
[2018.07.22-18.23.40:668][  0]LogTemp: Display: Loaded TP AndroidTargetPlatform
[2018.07.22-18.23.40:669][  0]LogTemp: Display: Loaded TP HTML5TargetPlatform
[2018.07.22-18.23.40:721][  0]LogTemp: Display: Loaded TP IOSTargetPlatform
[2018.07.22-18.23.40:721][  0]LogTemp: Display: Loaded TP IOSTargetPlatform
[2018.07.22-18.23.40:738][  0]LogTemp: Display: Loaded TP TVOSTargetPlatform
[2018.07.22-18.23.40:738][  0]LogTemp: Display: Loaded TP TVOSTargetPlatform
[2018.07.22-18.23.40:747][  0]LogTemp: Display: Loaded TP LinuxClientTargetPlatform
[2018.07.22-18.23.40:755][  0]LogTemp: Display: Loaded TP LinuxNoEditorTargetPlatform
[2018.07.22-18.23.40:764][  0]LogTemp: Display: Loaded TP LinuxServerTargetPlatform
[2018.07.22-18.23.40:773][  0]LogTemp: Display: Loaded TP LinuxTargetPlatform
[2018.07.22-18.23.40:782][  0]LogTemp: Display: Loaded TP LuminTargetPlatform
[2018.07.22-18.23.40:782][  0]LogTargetPlatformManager: Display: Building Assets For Windows
[2018.07.22-18.23.40:815][  0]LogXGEController: Cannot use XGE Controller as Incredibuild is not installed on this machine.
[2018.07.22-18.23.40:815][  0]LogShaderCompilers: Cannot use XGE Shader Compiler as Incredibuild is not installed on this machine.
[2018.07.22-18.23.40:815][  0]LogShaderCompilers: Display: Using Local Shader Compiler.
[2018.07.22-18.23.41:333][  0]LogDerivedDataCache: Display: Max Cache Size: 512 MB
[2018.07.22-18.23.41:376][  0]LogDerivedDataCache: Loaded boot cache 0.04s 71MB C:/Users/Smily/AppData/Local/UnrealEngine/4.20/DerivedDataCache/Boot.ddc.
[2018.07.22-18.23.41:376][  0]LogDerivedDataCache: Display: Loaded Boot cache: C:/Users/Smily/AppData/Local/UnrealEngine/4.20/DerivedDataCache/Boot.ddc
[2018.07.22-18.23.41:376][  0]LogDerivedDataCache: FDerivedDataBackendGraph:  Pak pak cache file ../../../../Projekte/OpenWorldFPS/DerivedDataCache/DDC.ddp not found, will not use a pak cache.
[2018.07.22-18.23.41:376][  0]LogDerivedDataCache: Unable to find inner node Pak for hierarchical cache Hierarchy.
[2018.07.22-18.23.41:376][  0]LogDerivedDataCache: FDerivedDataBackendGraph:  CompressedPak pak cache file ../../../../Projekte/OpenWorldFPS/DerivedDataCache/Compressed.ddp not found, will not use a pak cache.
[2018.07.22-18.23.41:376][  0]LogDerivedDataCache: Unable to find inner node CompressedPak for hierarchical cache Hierarchy.
[2018.07.22-18.23.41:386][  0]LogDerivedDataCache: Display: Pak cache opened for reading ../../../Engine/DerivedDataCache/Compressed.ddp.
[2018.07.22-18.23.41:398][  0]LogDerivedDataCache: Using Local data cache path C:/Users/Smily/AppData/Local/UnrealEngine/Common/DerivedDataCache: Writable
[2018.07.22-18.23.41:398][  0]LogDerivedDataCache: Shared data cache path not found in *engine.ini, will not use an Shared cache.
[2018.07.22-18.23.41:398][  0]LogDerivedDataCache: Unable to find inner node Shared for hierarchical cache Hierarchy.
[2018.07.22-18.23.41:411][  0]LogMaterial: Verifying Global Shaders for PCD3D_SM5
[2018.07.22-18.23.41:412][  0]LogSlate: Using FreeType 2.6.0
[2018.07.22-18.23.41:412][  0]LogSlate: SlateFontServices - WITH_FREETYPE: 1, WITH_HARFBUZZ: 1
[2018.07.22-18.23.41:473][  0]LogAssetRegistry: FAssetRegistry took 0.0249 seconds to start up
[2018.07.22-18.23.41:729][  0]LogInit: Selected Device Profile: [Windows]
[2018.07.22-18.23.41:762][  0]LogSimplygon: Simplygon DLL not present - disabling.
[2018.07.22-18.23.41:764][  0]LogMeshReduction: Using SimplygonSwarm for distributed automatic mesh merging
[2018.07.22-18.23.41:764][  0]LogMeshReduction: Using ProxyLODMeshReduction for automatic mesh merging
[2018.07.22-18.23.41:764][  0]LogMeshReduction: Using QuadricMeshReduction for automatic static mesh reduction
[2018.07.22-18.23.41:764][  0]LogMeshReduction: No automatic skeletal mesh reduction module available
[2018.07.22-18.23.41:844][  0]LogNetVersion: OpenWorldFPS 1.0.0, NetCL: 4212847, EngineNetVer: 5, GameNetVer: 0 (Checksum: 3647796183)
[2018.07.22-18.23.43:065][  0]LogPackageLocalizationCache: Processed 11 localized package path(s) for 2 prioritized culture(s) in 0.860414 seconds
[2018.07.22-18.23.43:071][  0]LogUObjectArray: 38425 objects as part of root set at end of initial load.
[2018.07.22-18.23.43:071][  0]LogUObjectAllocator: 6690864 out of 0 bytes used by permanent object pool.
[2018.07.22-18.23.43:071][  0]LogUObjectArray: CloseDisregardForGC: 0/0 objects in disregard for GC pool
[2018.07.22-18.23.43:710][  0]LogTcpMessaging: Initializing TcpMessaging bridge
[2018.07.22-18.23.45:088][  0]LogUdpMessaging: Initializing bridge on interface 0.0.0.0:0 to multicast group 230.0.0.1:6666.
[2018.07.22-18.23.45:207][  0]SourceControl: Source control is disabled
[2018.07.22-18.23.45:207][  0]SourceControl: Source control is disabled
[2018.07.22-18.23.45:208][  0]SourceControl: Source control is disabled
[2018.07.22-18.23.45:209][  0]SourceControl: Source control is disabled
[2018.07.22-18.23.45:350][  0]LogAndroidPermission: UAndroidPermissionCallbackProxy::GetInstance
[2018.07.22-18.23.45:416][  0]LogOcInput: OculusInput pre-init called
[2018.07.22-18.23.45:461][  0]LogEngine: Initializing Engine...
[2018.07.22-18.23.45:462][  0]LogHMD: Failed to initialize OpenVR with code 110
[2018.07.22-18.23.45:463][  0]LogStats: UGameplayTagsManager::ConstructGameplayTagTree: ImportINI prefixes -  0.000 s
[2018.07.22-18.23.45:463][  0]LogStats: UGameplayTagsManager::ConstructGameplayTagTree: Construct from data asset -  0.000 s
[2018.07.22-18.23.45:463][  0]LogStats: UGameplayTagsManager::ConstructGameplayTagTree: ImportINI -  0.000 s
[2018.07.22-18.23.45:463][  0]LogStats: UGameplayTagsManager::ConstructGameplayTagTree: GameplayTagTreeChangedEvent.Broadcast -  0.000 s
[2018.07.22-18.23.45:624][  0]LogInit: Initializing FReadOnlyCVARCache
[2018.07.22-18.23.45:631][  0]LogAIModule: Creating AISystem for world Untitled
[2018.07.22-18.23.45:697][  0]LogInit: XAudio2 using 'Lautsprecher (Realtek(R) Audio)' : 2 channels at 48 kHz using 32 bits per sample (channel mask 0x3)
[2018.07.22-18.23.45:703][  0]LogInit: FAudioDevice initialized.
[2018.07.22-18.23.45:704][  0]LogNetVersion: Set ProjectVersion to 1.0.0.0. Version Checksum will be recalculated on next use.
[2018.07.22-18.23.46:260][  0]LogDerivedDataCache: Saved boot cache 0.56s 71MB C:/Users/Smily/AppData/Local/UnrealEngine/4.20/DerivedDataCache/Boot.ddc.
[2018.07.22-18.23.46:269][  0]LogInit: Texture streaming: Enabled
[2018.07.22-18.23.46:277][  0]LogEngineSessionManager: EngineSessionManager initialized
[2018.07.22-18.23.46:289][  0]LogInit: Transaction tracking system initialized
[2018.07.22-18.23.46:299][  0]BlueprintLog: New page: Editor Load
[2018.07.22-18.23.47:095][  0]LocalizationService: Localization service is disabled
[2018.07.22-18.23.47:611][  0]LogCook: Display: Max memory allowance for cook 16384mb min free memory 0mb
[2018.07.22-18.23.47:611][  0]LogCook: Display: Mobile HDR setting 1
[2018.07.22-18.23.47:611][  0]LogGameplayTags: Display: UGameplayTagsManager::DoneAddingNativeTags. DelegateIsBound: 0
[2018.07.22-18.23.47:611][  0]LogStats: UGameplayTagsManager::ConstructGameplayTagTree: ImportINI prefixes -  0.000 s
[2018.07.22-18.23.47:611][  0]LogStats: UGameplayTagsManager::ConstructGameplayTagTree: Construct from data asset -  0.000 s
[2018.07.22-18.23.47:611][  0]LogStats: UGameplayTagsManager::ConstructGameplayTagTree: ImportINI -  0.000 s
[2018.07.22-18.23.47:611][  0]LogStats: UGameplayTagsManager::ConstructGameplayTagTree: GameplayTagTreeChangedEvent.Broadcast -  0.000 s
[2018.07.22-18.23.47:717][  0]LogFileCache: Scanning file cache for directory 'E:/UN4/Projekte/OpenWorldFPS/Content/' took 0.01s
[2018.07.22-18.23.47:717][  0]SourceControl: Source control is disabled
[2018.07.22-18.23.47:804][  0]LogFactory: FactoryCreateFile: PackFactory with PackFactory (0 0 E:/UN4/UE_4.20/FeaturePacks/StarterContent.upack)
[2018.07.22-18.23.47:823][  0]LogPackFactory: Finished extracting 8 files (including 0 errors).
[2018.07.22-18.23.47:849][  0]LogPackFactory: Copied "../../../Samples/StarterContent/Content/StarterContent/Architecture/Floor_400x400.uasset" to "../../../../Projekte/OpenWorldFPS/Content/StarterContent/Architecture/Floor_400x400.uasset"
[2018.07.22-18.23.47:856][  0]LogPackFactory: Copied "../../../Samples/StarterContent/Content/StarterContent/Architecture/Pillar_50x500.uasset" to "../../../../Projekte/OpenWorldFPS/Content/StarterContent/Architecture/Pillar_50x500.uasset"
[2018.07.22-18.23.47:868][  0]LogPackFactory: Copied "../../../Samples/StarterContent/Content/StarterContent/Architecture/SM_AssetPlatform.uasset" to "../../../../Projekte/OpenWorldFPS/Content/StarterContent/Architecture/SM_AssetPlatform.uasset"
[2018.07.22-18.23.47:876][  0]LogPackFactory: Copied "../../../Samples/StarterContent/Content/StarterContent/Architecture/Wall_400x200.uasset" to "../../../../Projekte/OpenWorldFPS/Content/StarterContent/Architecture/Wall_400x200.uasset"
[2018.07.22-18.23.47:884][  0]LogPackFactory: Copied "../../../Samples/StarterContent/Content/StarterContent/Architecture/Wall_400x300.uasset" to "../../../../Projekte/OpenWorldFPS/Content/StarterContent/Architecture/Wall_400x300.uasset"
[2018.07.22-18.23.47:893][  0]LogPackFactory: Copied "../../../Samples/StarterContent/Content/StarterContent/Architecture/Wall_400x400.uasset" to "../../../../Projekte/OpenWorldFPS/Content/StarterContent/Architecture/Wall_400x400.uasset"
[2018.07.22-18.23.47:901][  0]LogPackFactory: Copied "../../../Samples/StarterContent/Content/StarterContent/Architecture/Wall_500x500.uasset" to "../../../../Projekte/OpenWorldFPS/Content/StarterContent/Architecture/Wall_500x500.uasset"
[2018.07.22-18.23.47:909][  0]LogPackFactory: Copied "../../../Samples/StarterContent/Content/StarterContent/Architecture/Wall_Door_400x300.uasset" to "../../../../Projekte/OpenWorldFPS/Content/StarterContent/Architecture/Wall_Door_400x300.uasset"
[2018.07.22-18.23.47:917][  0]LogPackFactory: Copied "../../../Samples/StarterContent/Content/StarterContent/Architecture/Wall_Door_400x400.uasset" to "../../../../Projekte/OpenWorldFPS/Content/StarterContent/Architecture/Wall_Door_400x400.uasset"
[2018.07.22-18.23.47:924][  0]LogPackFactory: Copied "../../../Samples/StarterContent/Content/StarterContent/Architecture/Wall_Window_400x300.uasset" to "../../../../Projekte/OpenWorldFPS/Content/StarterContent/Architecture/Wall_Window_400x300.uasset"
[2018.07.22-18.23.47:934][  0]LogPackFactory: Copied "../../../Samples/StarterContent/Content/StarterContent/Architecture/Wall_Window_400x400.uasset" to "../../../../Projekte/OpenWorldFPS/Content/StarterContent/Architecture/Wall_Window_400x400.uasset"
[2018.07.22-18.23.47:944][  0]LogPackFactory: Copied "../../../Samples/StarterContent/Content/StarterContent/Audio/Collapse01.uasset" to "../../../../Projekte/OpenWorldFPS/Content/StarterContent/Audio/Collapse01.uasset"
[2018.07.22-18.23.47:954][  0]LogPackFactory: Copied "../../../Samples/StarterContent/Content/StarterContent/Audio/Collapse02.uasset" to "../../../../Projekte/OpenWorldFPS/Content/StarterContent/Audio/Collapse02.uasset"
[2018.07.22-18.23.47:959][  0]LogPackFactory: Copied "../../../Samples/StarterContent/Content/StarterContent/Audio/Collapse_Cue.uasset" to "../../../../Projekte/OpenWorldFPS/Content/StarterContent/Audio/Collapse_Cue.uasset"
[2018.07.22-18.23.47:970][  0]LogPackFactory: Copied "../../../Samples/StarterContent/Content/StarterContent/Audio/Explosion01.uasset" to "../../../../Projekte/OpenWorldFPS/Content/StarterContent/Audio/Explosion01.uasset"
[2018.07.22-18.23.47:979][  0]LogPackFactory: Copied "../../../Samples/StarterContent/Content/StarterContent/Audio/Explosion02.uasset" to "../../../../Projekte/OpenWorldFPS/Content/StarterContent/Audio/Explosion02.uasset"
[2018.07.22-18.23.47:985][  0]LogPackFactory: Copied "../../../Samples/StarterContent/Content/StarterContent/Audio/Explosion_Cue.uasset" to "../../../../Projekte/OpenWorldFPS/Content/StarterContent/Audio/Explosion_Cue.uasset"
[2018.07.22-18.23.48:017][  0]LogPackFactory: Copied "../../../Samples/StarterContent/Content/StarterContent/Audio/Fire01.uasset" to "../../../../Projekte/OpenWorldFPS/Content/StarterContent/Audio/Fire01.uasset"
[2018.07.22-18.23.48:022][  0]LogPackFactory: Copied "../../../Samples/StarterContent/Content/StarterContent/Audio/Fire01_Cue.uasset" to "../../../../Projekte/OpenWorldFPS/Content/StarterContent/Audio/Fire01_Cue.uasset"
[2018.07.22-18.23.48:042][  0]LogPackFactory: Copied "../../../Samples/StarterContent/Content/StarterContent/Audio/Fire_Sparks01.uasset" to "../../../../Projekte/OpenWorldFPS/Content/StarterContent/Audio/Fire_Sparks01.uasset"
[2018.07.22-18.23.48:047][  0]LogPackFactory: Copied "../../../Samples/StarterContent/Content/StarterContent/Audio/Fire_Sparks01_Cue.uasset" to "../../../../Projekte/OpenWorldFPS/Content/StarterContent/Audio/Fire_Sparks01_Cue.uasset"
[2018.07.22-18.23.48:059][  0]LogPackFactory: Copied "../../../Samples/StarterContent/Content/StarterContent/Audio/Light01.uasset" to "../../../../Projekte/OpenWorldFPS/Content/StarterContent/Audio/Light01.uasset"
[2018.07.22-18.23.48:064][  0]LogPackFactory: Copied "../../../Samples/StarterContent/Content/StarterContent/Audio/Light01_Cue.uasset" to "../../../../Projekte/OpenWorldFPS/Content/StarterContent/Audio/Light01_Cue.uasset"
[2018.07.22-18.23.48:092][  0]LogPackFactory: Copied "../../../Samples/StarterContent/Content/StarterContent/Audio/Light02.uasset" to "../../../../Projekte/OpenWorldFPS/Content/StarterContent/Audio/Light02.uasset"
[2018.07.22-18.23.48:097][  0]LogPackFactory: Copied "../../../Samples/StarterContent/Content/StarterContent/Audio/Light02_Cue.uasset" to "../../../../Projekte/OpenWorldFPS/Content/StarterContent/Audio/Light02_Cue.uasset"
[2018.07.22-18.23.48:108][  0]LogPackFactory: Copied "../../../Samples/StarterContent/Content/StarterContent/Audio/Smoke01.uasset" to "../../../../Projekte/OpenWorldFPS/Content/StarterContent/Audio/Smoke01.uasset"
[2018.07.22-18.23.48:113][  0]LogPackFactory: Copied "../../../Samples/StarterContent/Content/StarterContent/Audio/Smoke01_Cue.uasset" to "../../../../Projekte/OpenWorldFPS/Content/StarterContent/Audio/Smoke01_Cue.uasset"
[2018.07.22-18.23.48:123][  0]LogPackFactory: Copied "../../../Samples/StarterContent/Content/StarterContent/Audio/Starter_Background_Cue.uasset" to "../../../../Projekte/OpenWorldFPS/Content/StarterContent/Audio/Starter_Background_Cue.uasset"
[2018.07.22-18.23.48:163][  0]LogPackFactory: Copied "../../../Samples/StarterContent/Content/StarterContent/Audio/Starter_Birds01.uasset" to "../../../../Projekte/OpenWorldFPS/Content/StarterContent/Audio/Starter_Birds01.uasset"
[2018.07.22-18.23.48:315][  0]LogPackFactory: Copied "../../../Samples/StarterContent/Content/StarterContent/Audio/Starter_Music01.uasset" to "../../../../Projekte/OpenWorldFPS/Content/StarterContent/Audio/Starter_Music01.uasset"
[2018.07.22-18.23.48:342][  0]LogPackFactory: Copied "../../../Samples/StarterContent/Content/StarterContent/Audio/Starter_Music_Cue.uasset" to "../../../../Projekte/OpenWorldFPS/Content/StarterContent/Audio/Starter_Music_Cue.uasset"
[2018.07.22-18.23.48:375][  0]LogPackFactory: Copied "../../../Samples/StarterContent/Content/StarterContent/Audio/Starter_Wind05.uasset" to "../../../../Projekte/OpenWorldFPS/Content/StarterContent/Audio/Starter_Wind05.uasset"
[2018.07.22-18.23.48:422][  0]LogPackFactory: Copied "../../../Samples/StarterContent/Content/StarterContent/Audio/Starter_Wind06.uasset" to "../../../../Projekte/OpenWorldFPS/Content/StarterContent/Audio/Starter_Wind06.uasset"
[2018.07.22-18.23.48:455][  0]LogPackFactory: Copied "../../../Samples/StarterContent/Content/StarterContent/Audio/Steam01.uasset" to "../../../../Projekte/OpenWorldFPS/Content/StarterContent/Audio/Steam01.uasset"
[2018.07.22-18.23.48:462][  0]LogPackFactory: Copied "../../../Samples/StarterContent/Content/StarterContent/Audio/Steam01_Cue.uasset" to "../../../../Projekte/OpenWorldFPS/Content/StarterContent/Audio/Steam01_Cue.uasset"
[2018.07.22-18.23.48:501][  0]LogPackFactory: Copied "../../../Samples/StarterContent/Content/StarterContent/Blueprints/Blueprint_CeilingLight.uasset" to "../../../../Projekte/OpenWorldFPS/Content/StarterContent/Blueprints/Blueprint_CeilingLight.uasset"
[2018.07.22-18.23.48:509][  0]LogPackFactory: Copied "../../../Samples/StarterContent/Content/StarterContent/Blueprints/Blueprint_Effect_Explosion.uasset" to "../../../../Projekte/OpenWorldFPS/Content/StarterContent/Blueprints/Blueprint_Effect_Explosion.uasset"
[2018.07.22-18.23.48:517][  0]LogPackFactory: Copied "../../../Samples/StarterContent/Content/StarterContent/Blueprints/Blueprint_Effect_Fire.uasset" to "../../../../Projekte/OpenWorldFPS/Content/StarterContent/Blueprints/Blueprint_Effect_Fire.uasset"
[2018.07.22-18.23.48:524][  0]LogPackFactory: Copied "../../../Samples/StarterContent/Content/StarterContent/Blueprints/Blueprint_Effect_Smoke.uasset" to "../../../../Projekte/OpenWorldFPS/Content/StarterContent/Blueprints/Blueprint_Effect_Smoke.uasset"
[2018.07.22-18.23.48:534][  0]LogPackFactory: Copied "../../../Samples/StarterContent/Content/StarterContent/Blueprints/Blueprint_Effect_Sparks.uasset" to "../../../../Projekte/OpenWorldFPS/Content/StarterContent/Blueprints/Blueprint_Effect_Sparks.uasset"
[2018.07.22-18.23.48:541][  0]LogPackFactory: Copied "../../../Samples/StarterContent/Content/StarterContent/Blueprints/Blueprint_Effect_Steam.uasset" to "../../../../Projekte/OpenWorldFPS/Content/StarterContent/Blueprints/Blueprint_Effect_Steam.uasset"
[2018.07.22-18.23.48:551][  0]LogPackFactory: Copied "../../../Samples/StarterContent/Content/StarterContent/Blueprints/Blueprint_WallSconce.uasset" to "../../../../Projekte/OpenWorldFPS/Content/StarterContent/Blueprints/Blueprint_WallSconce.uasset"
[2018.07.22-18.23.48:562][  0]LogPackFactory: Copied "../../../Samples/StarterContent/Content/StarterContent/Blueprints/BP_LightStudio.uasset" to "../../../../Projekte/OpenWorldFPS/Content/StarterContent/Blueprints/BP_LightStudio.uasset"
[2018.07.22-18.23.48:572][  0]LogPackFactory: Copied "../../../Samples/StarterContent/Content/StarterContent/Blueprints/Assets/FogBrightnessLUT.uasset" to "../../../../Projekte/OpenWorldFPS/Content/StarterContent/Blueprints/Assets/FogBrightnessLUT.uasset"
[2018.07.22-18.23.48:578][  0]LogPackFactory: Copied "../../../Samples/StarterContent/Content/StarterContent/Blueprints/Assets/M_LightStage_Arrows.uasset" to "../../../../Projekte/OpenWorldFPS/Content/StarterContent/Blueprints/Assets/M_LightStage_Arrows.uasset"
[2018.07.22-18.23.48:587][  0]LogPackFactory: Copied "../../../Samples/StarterContent/Content/StarterContent/Blueprints/Assets/M_LightStage_Skybox_Black.uasset" to "../../../../Projekte/OpenWorldFPS/Content/StarterContent/Blueprints/Assets/M_LightStage_Skybox_Black.uasset"
[2018.07.22-18.23.48:595][  0]LogPackFactory: Copied "../../../Samples/StarterContent/Content/StarterContent/Blueprints/Assets/M_LightStage_Skybox_HDRI.uasset" to "../../../../Projekte/OpenWorldFPS/Content/StarterContent/Blueprints/Assets/M_LightStage_Skybox_HDRI.uasset"
[2018.07.22-18.23.48:605][  0]LogPackFactory: Copied "../../../Samples/StarterContent/Content/StarterContent/Blueprints/Assets/M_LightStage_Skybox_Master.uasset" to "../../../../Projekte/OpenWorldFPS/Content/StarterContent/Blueprints/Assets/M_LightStage_Skybox_Master.uasset"
[2018.07.22-18.23.48:618][  0]LogPackFactory: Copied "../../../Samples/StarterContent/Content/StarterContent/Blueprints/Assets/Skybox.uasset" to "../../../../Projekte/OpenWorldFPS/Content/StarterContent/Blueprints/Assets/Skybox.uasset"
[2018.07.22-18.23.48:661][  0]LogPackFactory: Copied "../../../Samples/StarterContent/Content/StarterContent/Blueprints/Assets/SM_Arrows.uasset" to "../../../../Projekte/OpenWorldFPS/Content/StarterContent/Blueprints/Assets/SM_Arrows.uasset"
[2018.07.22-18.23.48:667][  0]LogPackFactory: Copied "../../../Samples/StarterContent/Content/StarterContent/Blueprints/Assets/SunlightColorLUT.uasset" to "../../../../Projekte/OpenWorldFPS/Content/StarterContent/Blueprints/Assets/SunlightColorLUT.uasset"
[2018.07.22-18.23.50:854][  0]LogPackFactory: Copied "../../../Samples/StarterContent/Content/StarterContent/HDRI/HDRI_Epic_Courtyard_Daylight.uasset" to "../../../../Projekte/OpenWorldFPS/Content/StarterContent/HDRI/HDRI_Epic_Courtyard_Daylight.uasset"
[2018.07.22-18.23.50:879][  0]LogPackFactory: Copied "../../../Samples/StarterContent/Content/StarterContent/Maps/Advanced_Lighting.umap" to "../../../../Projekte/OpenWorldFPS/Content/StarterContent/Maps/Advanced_Lighting.umap"
[2018.07.22-18.23.50:927][  0]LogPackFactory: Copied "../../../Samples/StarterContent/Content/StarterContent/Maps/Advanced_Lighting_BuiltData.uasset" to "../../../../Projekte/OpenWorldFPS/Content/StarterContent/Maps/Advanced_Lighting_BuiltData.uasset"
[2018.07.22-18.23.50:960][  0]LogPackFactory: Copied "../../../Samples/StarterContent/Content/StarterContent/Maps/Minimal_Default.umap" to "../../../../Projekte/OpenWorldFPS/Content/StarterContent/Maps/Minimal_Default.umap"
[2018.07.22-18.23.51:035][  0]LogPackFactory: Copied "../../../Samples/StarterContent/Content/StarterContent/Maps/Minimal_Default_BuiltData.uasset" to "../../../../Projekte/OpenWorldFPS/Content/StarterContent/Maps/Minimal_Default_BuiltData.uasset"
[2018.07.22-18.23.51:090][  0]LogPackFactory: Copied "../../../Samples/StarterContent/Content/StarterContent/Maps/StarterMap.umap" to "../../../../Projekte/OpenWorldFPS/Content/StarterContent/Maps/StarterMap.umap"
[2018.07.22-18.23.52:694][  0]LogPackFactory: Copied "../../../Samples/StarterContent/Content/StarterContent/Maps/StarterMap_BuiltData.uasset" to "../../../../Projekte/OpenWorldFPS/Content/StarterContent/Maps/StarterMap_BuiltData.uasset"
[2018.07.22-18.23.52:752][  0]LogPackFactory: Copied "../../../Samples/StarterContent/Content/StarterContent/Materials/M_AssetPlatform.uasset" to "../../../../Projekte/OpenWorldFPS/Content/StarterContent/Materials/M_AssetPlatform.uasset"
[2018.07.22-18.23.52:793][  0]LogPackFactory: Copied "../../../Samples/StarterContent/Content/StarterContent/Materials/M_Basic_Floor.uasset" to "../../../../Projekte/OpenWorldFPS/Content/StarterContent/Materials/M_Basic_Floor.uasset"
[2018.07.22-18.23.52:813][  0]LogPackFactory: Copied "../../../Samples/StarterContent/Content/StarterContent/Materials/M_Basic_Wall.uasset" to "../../../../Projekte/OpenWorldFPS/Content/StarterContent/Materials/M_Basic_Wall.uasset"
[2018.07.22-18.23.52:833][  0]LogPackFactory: Copied "../../../Samples/StarterContent/Content/StarterContent/Materials/M_Brick_Clay_Beveled.uasset" to "../../../../Projekte/OpenWorldFPS/Content/StarterContent/Materials/M_Brick_Clay_Beveled.uasset"
[2018.07.22-18.23.52:903][  0]LogPackFactory: Copied "../../../Samples/StarterContent/Content/StarterContent/Materials/M_Brick_Clay_New.uasset" to "../../../../Projekte/OpenWorldFPS/Content/StarterContent/Materials/M_Brick_Clay_New.uasset"
[2018.07.22-18.23.52:958][  0]LogPackFactory: Copied "../../../Samples/StarterContent/Content/StarterContent/Materials/M_Brick_Clay_Old.uasset" to "../../../../Projekte/OpenWorldFPS/Content/StarterContent/Materials/M_Brick_Clay_Old.uasset"
[2018.07.22-18.23.52:993][  0]LogPackFactory: Copied "../../../Samples/StarterContent/Content/StarterContent/Materials/M_Brick_Cut_Stone.uasset" to "../../../../Projekte/OpenWorldFPS/Content/StarterContent/Materials/M_Brick_Cut_Stone.uasset"
[2018.07.22-18.23.53:032][  0]LogPackFactory: Copied "../../../Samples/StarterContent/Content/StarterContent/Materials/M_Brick_Hewn_Stone.uasset" to "../../../../Projekte/OpenWorldFPS/Content/StarterContent/Materials/M_Brick_Hewn_Stone.uasset"
[2018.07.22-18.23.53:057][  0]LogPackFactory: Copied "../../../Samples/StarterContent/Content/StarterContent/Materials/M_Ceramic_Tile_Checker.uasset" to "../../../../Projekte/OpenWorldFPS/Content/StarterContent/Materials/M_Ceramic_Tile_Checker.uasset"
[2018.07.22-18.23.53:077][  0]LogPackFactory: Copied "../../../Samples/StarterContent/Content/StarterContent/Materials/M_CobbleStone_Pebble.uasset" to "../../../../Projekte/OpenWorldFPS/Content/StarterContent/Materials/M_CobbleStone_Pebble.uasset"
[2018.07.22-18.23.53:108][  0]LogPackFactory: Copied "../../../Samples/StarterContent/Content/StarterContent/Materials/M_CobbleStone_Rough.uasset" to "../../../../Projekte/OpenWorldFPS/Content/StarterContent/Materials/M_CobbleStone_Rough.uasset"
[2018.07.22-18.23.53:159][  0]LogPackFactory: Copied "../../../Samples/StarterContent/Content/StarterContent/Materials/M_CobbleStone_Smooth.uasset" to "../../../../Projekte/OpenWorldFPS/Content/StarterContent/Materials/M_CobbleStone_Smooth.uasset"
[2018.07.22-18.23.53:179][  0]LogPackFactory: Copied "../../../Samples/StarterContent/Content/StarterContent/Materials/M_ColorGrid_LowSpec.uasset" to "../../../../Projekte/OpenWorldFPS/Content/StarterContent/Materials/M_ColorGrid_LowSpec.uasset"
[2018.07.22-18.23.53:194][  0]LogPackFactory: Copied "../../../Samples/StarterContent/Content/StarterContent/Materials/M_Concrete_Grime.uasset" to "../../../../Projekte/OpenWorldFPS/Content/StarterContent/Materials/M_Concrete_Grime.uasset"
[2018.07.22-18.23.53:208][  0]LogPackFactory: Copied "../../../Samples/StarterContent/Content/StarterContent/Materials/M_Concrete_Panels.uasset" to "../../../../Projekte/OpenWorldFPS/Content/StarterContent/Materials/M_Concrete_Panels.uasset"
[2018.07.22-18.23.53:226][  0]LogPackFactory: Copied "../../../Samples/StarterContent/Content/StarterContent/Materials/M_Concrete_Poured.uasset" to "../../../../Projekte/OpenWorldFPS/Content/StarterContent/Materials/M_Concrete_Poured.uasset"
[2018.07.22-18.23.53:274][  0]LogPackFactory: Copied "../../../Samples/StarterContent/Content/StarterContent/Materials/M_Concrete_Tiles.uasset" to "../../../../Projekte/OpenWorldFPS/Content/StarterContent/Materials/M_Concrete_Tiles.uasset"
[2018.07.22-18.23.53:323][  0]LogPackFactory: Copied "../../../Samples/StarterContent/Content/StarterContent/Materials/M_Glass.uasset" to "../../../../Projekte/OpenWorldFPS/Content/StarterContent/Materials/M_Glass.uasset"
[2018.07.22-18.23.53:356][  0]LogPackFactory: Copied "../../../Samples/StarterContent/Content/StarterContent/Materials/M_Ground_Grass.uasset" to "../../../../Projekte/OpenWorldFPS/Content/StarterContent/Materials/M_Ground_Grass.uasset"
[2018.07.22-18.23.53:369][  0]LogPackFactory: Copied "../../../Samples/StarterContent/Content/StarterContent/Materials/M_Ground_Gravel.uasset" to "../../../../Projekte/OpenWorldFPS/Content/StarterContent/Materials/M_Ground_Gravel.uasset"
[2018.07.22-18.23.53:407][  0]LogPackFactory: Copied "../../../Samples/StarterContent/Content/StarterContent/Materials/M_Ground_Moss.uasset" to "../../../../Projekte/OpenWorldFPS/Content/StarterContent/Materials/M_Ground_Moss.uasset"
[2018.07.22-18.23.53:414][  0]LogPackFactory: Copied "../../../Samples/StarterContent/Content/StarterContent/Materials/M_Metal_Brushed_Nickel.uasset" to "../../../../Projekte/OpenWorldFPS/Content/StarterContent/Materials/M_Metal_Brushed_Nickel.uasset"
[2018.07.22-18.23.53:422][  0]LogPackFactory: Copied "../../../Samples/StarterContent/Content/StarterContent/Materials/M_Metal_Burnished_Steel.uasset" to "../../../../Projekte/OpenWorldFPS/Content/StarterContent/Materials/M_Metal_Burnished_Steel.uasset"
[2018.07.22-18.23.53:442][  0]LogPackFactory: Copied "../../../Samples/StarterContent/Content/StarterContent/Materials/M_Metal_Chrome.uasset" to "../../../../Projekte/OpenWorldFPS/Content/StarterContent/Materials/M_Metal_Chrome.uasset"
[2018.07.22-18.23.53:451][  0]LogPackFactory: Copied "../../../Samples/StarterContent/Content/StarterContent/Materials/M_Metal_Copper.uasset" to "../../../../Projekte/OpenWorldFPS/Content/StarterContent/Materials/M_Metal_Copper.uasset"
[2018.07.22-18.23.53:476][  0]LogPackFactory: Copied "../../../Samples/StarterContent/Content/StarterContent/Materials/M_Metal_Gold.uasset" to "../../../../Projekte/OpenWorldFPS/Content/StarterContent/Materials/M_Metal_Gold.uasset"
[2018.07.22-18.23.53:484][  0]LogPackFactory: Copied "../../../Samples/StarterContent/Content/StarterContent/Materials/M_Metal_Rust.uasset" to "../../../../Projekte/OpenWorldFPS/Content/StarterContent/Materials/M_Metal_Rust.uasset"
[2018.07.22-18.23.53:510][  0]LogPackFactory: Copied "../../../Samples/StarterContent/Content/StarterContent/Materials/M_Metal_Steel.uasset" to "../../../../Projekte/OpenWorldFPS/Content/StarterContent/Materials/M_Metal_Steel.uasset"
[2018.07.22-18.23.53:519][  0]LogPackFactory: Copied "../../../Samples/StarterContent/Content/StarterContent/Materials/M_Rock_Basalt.uasset" to "../../../../Projekte/OpenWorldFPS/Content/StarterContent/Materials/M_Rock_Basalt.uasset"
[2018.07.22-18.23.53:544][  0]LogPackFactory: Copied "../../../Samples/StarterContent/Content/StarterContent/Materials/M_Rock_Marble_Polished.uasset" to "../../../../Projekte/OpenWorldFPS/Content/StarterContent/Materials/M_Rock_Marble_Polished.uasset"
[2018.07.22-18.23.53:554][  0]LogPackFactory: Copied "../../../Samples/StarterContent/Content/StarterContent/Materials/M_Rock_Sandstone.uasset" to "../../../../Projekte/OpenWorldFPS/Content/StarterContent/Materials/M_Rock_Sandstone.uasset"
[2018.07.22-18.23.53:562][  0]LogPackFactory: Copied "../../../Samples/StarterContent/Content/StarterContent/Materials/M_Rock_Slate.uasset" to "../../../../Projekte/OpenWorldFPS/Content/StarterContent/Materials/M_Rock_Slate.uasset"
[2018.07.22-18.23.53:572][  0]LogPackFactory: Copied "../../../Samples/StarterContent/Content/StarterContent/Materials/M_Tech_Checker_Dot.uasset" to "../../../../Projekte/OpenWorldFPS/Content/StarterContent/Materials/M_Tech_Checker_Dot.uasset"
[2018.07.22-18.23.53:595][  0]LogPackFactory: Copied "../../../Samples/StarterContent/Content/StarterContent/Materials/M_Tech_Hex_Tile.uasset" to "../../../../Projekte/OpenWorldFPS/Content/StarterContent/Materials/M_Tech_Hex_Tile.uasset"
[2018.07.22-18.23.53:632][  0]LogPackFactory: Copied "../../../Samples/StarterContent/Content/StarterContent/Materials/M_Tech_Hex_Tile_Pulse.uasset" to "../../../../Projekte/OpenWorldFPS/Content/StarterContent/Materials/M_Tech_Hex_Tile_Pulse.uasset"
[2018.07.22-18.23.53:641][  0]LogPackFactory: Copied "../../../Samples/StarterContent/Content/StarterContent/Materials/M_Tech_Panel.uasset" to "../../../../Projekte/OpenWorldFPS/Content/StarterContent/Materials/M_Tech_Panel.uasset"
[2018.07.22-18.23.53:649][  0]LogPackFactory: Copied "../../../Samples/StarterContent/Content/StarterContent/Materials/M_Water_Lake.uasset" to "../../../../Projekte/OpenWorldFPS/Content/StarterContent/Materials/M_Water_Lake.uasset"
[2018.07.22-18.23.53:677][  0]LogPackFactory: Copied "../../../Samples/StarterContent/Content/StarterContent/Materials/M_Water_Ocean.uasset" to "../../../../Projekte/OpenWorldFPS/Content/StarterContent/Materials/M_Water_Ocean.uasset"
[2018.07.22-18.23.53:707][  0]LogPackFactory: Copied "../../../Samples/StarterContent/Content/StarterContent/Materials/M_Wood_Floor_Walnut_Polished.uasset" to "../../../../Projekte/OpenWorldFPS/Content/StarterContent/Materials/M_Wood_Floor_Walnut_Polished.uasset"
[2018.07.22-18.23.53:741][  0]LogPackFactory: Copied "../../../Samples/StarterContent/Content/StarterContent/Materials/M_Wood_Floor_Walnut_Worn.uasset" to "../../../../Projekte/OpenWorldFPS/Content/StarterContent/Materials/M_Wood_Floor_Walnut_Worn.uasset"
[2018.07.22-18.23.53:750][  0]LogPackFactory: Copied "../../../Samples/StarterContent/Content/StarterContent/Materials/M_Wood_Oak.uasset" to "../../../../Projekte/OpenWorldFPS/Content/StarterContent/Materials/M_Wood_Oak.uasset"
[2018.07.22-18.23.53:769][  0]LogPackFactory: Copied "../../../Samples/StarterContent/Content/StarterContent/Materials/M_Wood_Pine.uasset" to "../../../../Projekte/OpenWorldFPS/Content/StarterContent/Materials/M_Wood_Pine.uasset"
[2018.07.22-18.23.53:778][  0]LogPackFactory: Copied "../../../Samples/StarterContent/Content/StarterContent/Materials/M_Wood_Walnut.uasset" to "../../../../Projekte/OpenWorldFPS/Content/StarterContent/Materials/M_Wood_Walnut.uasset"
[2018.07.22-18.23.53:795][  0]LogPackFactory: Copied "../../../Samples/StarterContent/Content/StarterContent/Particles/P_Ambient_Dust.uasset" to "../../../../Projekte/OpenWorldFPS/Content/StarterContent/Particles/P_Ambient_Dust.uasset"
[2018.07.22-18.23.53:929][  0]LogPackFactory: Copied "../../../Samples/StarterContent/Content/StarterContent/Particles/P_Explosion.uasset" to "../../../../Projekte/OpenWorldFPS/Content/StarterContent/Particles/P_Explosion.uasset"
[2018.07.22-18.23.53:941][  0]LogPackFactory: Copied "../../../Samples/StarterContent/Content/StarterContent/Particles/P_Fire.uasset" to "../../../../Projekte/OpenWorldFPS/Content/StarterContent/Particles/P_Fire.uasset"
[2018.07.22-18.23.53:974][  0]LogPackFactory: Copied "../../../Samples/StarterContent/Content/StarterContent/Particles/P_Smoke.uasset" to "../../../../Projekte/OpenWorldFPS/Content/StarterContent/Particles/P_Smoke.uasset"
[2018.07.22-18.23.53:986][  0]LogPackFactory: Copied "../../../Samples/StarterContent/Content/StarterContent/Particles/P_Sparks.uasset" to "../../../../Projekte/OpenWorldFPS/Content/StarterContent/Particles/P_Sparks.uasset"
[2018.07.22-18.23.54:024][  0]LogPackFactory: Copied "../../../Samples/StarterContent/Content/StarterContent/Particles/P_Steam_Lit.uasset" to "../../../../Projekte/OpenWorldFPS/Content/StarterContent/Particles/P_Steam_Lit.uasset"
[2018.07.22-18.23.54:042][  0]LogPackFactory: Copied "../../../Samples/StarterContent/Content/StarterContent/Particles/Materials/M_Burst.uasset" to "../../../../Projekte/OpenWorldFPS/Content/StarterContent/Particles/Materials/M_Burst.uasset"
[2018.07.22-18.23.54:050][  0]LogPackFactory: Copied "../../../Samples/StarterContent/Content/StarterContent/Particles/Materials/M_Dust_Particle.uasset" to "../../../../Projekte/OpenWorldFPS/Content/StarterContent/Particles/Materials/M_Dust_Particle.uasset"
[2018.07.22-18.23.54:069][  0]LogPackFactory: Copied "../../../Samples/StarterContent/Content/StarterContent/Particles/Materials/M_explosion_subUV.uasset" to "../../../../Projekte/OpenWorldFPS/Content/StarterContent/Particles/Materials/M_explosion_subUV.uasset"
[2018.07.22-18.23.54:077][  0]LogPackFactory: Copied "../../../Samples/StarterContent/Content/StarterContent/Particles/Materials/M_Fire_SubUV.uasset" to "../../../../Projekte/OpenWorldFPS/Content/StarterContent/Particles/Materials/M_Fire_SubUV.uasset"
[2018.07.22-18.23.54:099][  0]LogPackFactory: Copied "../../../Samples/StarterContent/Content/StarterContent/Particles/Materials/m_flare_01.uasset" to "../../../../Projekte/OpenWorldFPS/Content/StarterContent/Particles/Materials/m_flare_01.uasset"
[2018.07.22-18.23.54:115][  0]LogPackFactory: Copied "../../../Samples/StarterContent/Content/StarterContent/Particles/Materials/M_Heat_Distortion.uasset" to "../../../../Projekte/OpenWorldFPS/Content/StarterContent/Particles/Materials/M_Heat_Distortion.uasset"
[2018.07.22-18.23.54:133][  0]LogPackFactory: Copied "../../../Samples/StarterContent/Content/StarterContent/Particles/Materials/M_Radial_Gradient.uasset" to "../../../../Projekte/OpenWorldFPS/Content/StarterContent/Particles/Materials/M_Radial_Gradient.uasset"
[2018.07.22-18.23.54:155][  0]LogPackFactory: Copied "../../../Samples/StarterContent/Content/StarterContent/Particles/Materials/M_radial_ramp.uasset" to "../../../../Projekte/OpenWorldFPS/Content/StarterContent/Particles/Materials/M_radial_ramp.uasset"
[2018.07.22-18.23.54:195][  0]LogPackFactory: Copied "../../../Samples/StarterContent/Content/StarterContent/Particles/Materials/M_smoke_subUV.uasset" to "../../../../Projekte/OpenWorldFPS/Content/StarterContent/Particles/Materials/M_smoke_subUV.uasset"
[2018.07.22-18.23.54:243][  0]LogPackFactory: Copied "../../../Samples/StarterContent/Content/StarterContent/Particles/Materials/M_Spark.uasset" to "../../../../Projekte/OpenWorldFPS/Content/StarterContent/Particles/Materials/M_Spark.uasset"
[2018.07.22-18.23.54:276][  0]LogPackFactory: Copied "../../../Samples/StarterContent/Content/StarterContent/Props/MaterialSphere.uasset" to "../../../../Projekte/OpenWorldFPS/Content/StarterContent/Props/MaterialSphere.uasset"
[2018.07.22-18.23.54:289][  0]LogPackFactory: Copied "../../../Samples/StarterContent/Content/StarterContent/Props/SM_Bush.uasset" to "../../../../Projekte/OpenWorldFPS/Content/StarterContent/Props/SM_Bush.uasset"
[2018.07.22-18.23.54:318][  0]LogPackFactory: Copied "../../../Samples/StarterContent/Content/StarterContent/Props/SM_Chair.uasset" to "../../../../Projekte/OpenWorldFPS/Content/StarterContent/Props/SM_Chair.uasset"
[2018.07.22-18.23.54:326][  0]LogPackFactory: Copied "../../../Samples/StarterContent/Content/StarterContent/Props/SM_CornerFrame.uasset" to "../../../../Projekte/OpenWorldFPS/Content/StarterContent/Props/SM_CornerFrame.uasset"
[2018.07.22-18.23.54:337][  0]LogPackFactory: Copied "../../../Samples/StarterContent/Content/StarterContent/Props/SM_Couch.uasset" to "../../../../Projekte/OpenWorldFPS/Content/StarterContent/Props/SM_Couch.uasset"
[2018.07.22-18.23.54:349][  0]LogPackFactory: Copied "../../../Samples/StarterContent/Content/StarterContent/Props/SM_Door.uasset" to "../../../../Projekte/OpenWorldFPS/Content/StarterContent/Props/SM_Door.uasset"
[2018.07.22-18.23.54:356][  0]LogPackFactory: Copied "../../../Samples/StarterContent/Content/StarterContent/Props/SM_DoorFrame.uasset" to "../../../../Projekte/OpenWorldFPS/Content/StarterContent/Props/SM_DoorFrame.uasset"
[2018.07.22-18.23.54:388][  0]LogPackFactory: Copied "../../../Samples/StarterContent/Content/StarterContent/Props/SM_GlassWindow.uasset" to "../../../../Projekte/OpenWorldFPS/Content/StarterContent/Props/SM_GlassWindow.uasset"
[2018.07.22-18.23.54:397][  0]LogPackFactory: Copied "../../../Samples/StarterContent/Content/StarterContent/Props/SM_Lamp_Ceiling.uasset" to "../../../../Projekte/OpenWorldFPS/Content/StarterContent/Props/SM_Lamp_Ceiling.uasset"
[2018.07.22-18.23.54:405][  0]LogPackFactory: Copied "../../../Samples/StarterContent/Content/StarterContent/Props/SM_Lamp_Wall.uasset" to "../../../../Projekte/OpenWorldFPS/Content/StarterContent/Props/SM_Lamp_Wall.uasset"
[2018.07.22-18.23.54:472][  0]LogPackFactory: Copied "../../../Samples/StarterContent/Content/StarterContent/Props/SM_MatPreviewMesh_02.uasset" to "../../../../Projekte/OpenWorldFPS/Content/StarterContent/Props/SM_MatPreviewMesh_02.uasset"
[2018.07.22-18.23.54:482][  0]LogPackFactory: Copied "../../../Samples/StarterContent/Content/StarterContent/Props/SM_PillarFrame.uasset" to "../../../../Projekte/OpenWorldFPS/Content/StarterContent/Props/SM_PillarFrame.uasset"
[2018.07.22-18.23.54:490][  0]LogPackFactory: Copied "../../../Samples/StarterContent/Content/StarterContent/Props/SM_PillarFrame300.uasset" to "../../../../Projekte/OpenWorldFPS/Content/StarterContent/Props/SM_PillarFrame300.uasset"
[2018.07.22-18.23.54:529][  0]LogPackFactory: Copied "../../../Samples/StarterContent/Content/StarterContent/Props/SM_Rock.uasset" to "../../../../Projekte/OpenWorldFPS/Content/StarterContent/Props/SM_Rock.uasset"
[2018.07.22-18.23.54:538][  0]LogPackFactory: Copied "../../../Samples/StarterContent/Content/StarterContent/Props/SM_Shelf.uasset" to "../../../../Projekte/OpenWorldFPS/Content/StarterContent/Props/SM_Shelf.uasset"
[2018.07.22-18.23.54:546][  0]LogPackFactory: Copied "../../../Samples/StarterContent/Content/StarterContent/Props/SM_Stairs.uasset" to "../../../../Projekte/OpenWorldFPS/Content/StarterContent/Props/SM_Stairs.uasset"
[2018.07.22-18.23.54:558][  0]LogPackFactory: Copied "../../../Samples/StarterContent/Content/StarterContent/Props/SM_Statue.uasset" to "../../../../Projekte/OpenWorldFPS/Content/StarterContent/Props/SM_Statue.uasset"
[2018.07.22-18.23.54:628][  0]LogPackFactory: Copied "../../../Samples/StarterContent/Content/StarterContent/Props/SM_TableRound.uasset" to "../../../../Projekte/OpenWorldFPS/Content/StarterContent/Props/SM_TableRound.uasset"
[2018.07.22-18.23.54:654][  0]LogPackFactory: Copied "../../../Samples/StarterContent/Content/StarterContent/Props/SM_WindowFrame.uasset" to "../../../../Projekte/OpenWorldFPS/Content/StarterContent/Props/SM_WindowFrame.uasset"
[2018.07.22-18.23.54:673][  0]LogPackFactory: Copied "../../../Samples/StarterContent/Content/StarterContent/Props/Materials/M_Bush.uasset" to "../../../../Projekte/OpenWorldFPS/Content/StarterContent/Props/Materials/M_Bush.uasset"
[2018.07.22-18.23.54:682][  0]LogPackFactory: Copied "../../../Samples/StarterContent/Content/StarterContent/Props/Materials/M_Chair.uasset" to "../../../../Projekte/OpenWorldFPS/Content/StarterContent/Props/Materials/M_Chair.uasset"
[2018.07.22-18.23.54:690][  0]LogPackFactory: Copied "../../../Samples/StarterContent/Content/StarterContent/Props/Materials/M_Door.uasset" to "../../../../Projekte/OpenWorldFPS/Content/StarterContent/Props/Materials/M_Door.uasset"
[2018.07.22-18.23.54:697][  0]LogPackFactory: Copied "../../../Samples/StarterContent/Content/StarterContent/Props/Materials/M_Frame.uasset" to "../../../../Projekte/OpenWorldFPS/Content/StarterContent/Props/Materials/M_Frame.uasset"
[2018.07.22-18.23.54:705][  0]LogPackFactory: Copied "../../../Samples/StarterContent/Content/StarterContent/Props/Materials/M_Lamp.uasset" to "../../../../Projekte/OpenWorldFPS/Content/StarterContent/Props/Materials/M_Lamp.uasset"
[2018.07.22-18.23.54:782][  0]LogPackFactory: Copied "../../../Samples/StarterContent/Content/StarterContent/Props/Materials/M_MaterialSphere.uasset" to "../../../../Projekte/OpenWorldFPS/Content/StarterContent/Props/Materials/M_MaterialSphere.uasset"
[2018.07.22-18.23.54:799][  0]LogPackFactory: Copied "../../../Samples/StarterContent/Content/StarterContent/Props/Materials/M_MaterialSphere_Plain.uasset" to "../../../../Projekte/OpenWorldFPS/Content/StarterContent/Props/Materials/M_MaterialSphere_Plain.uasset"
[2018.07.22-18.23.54:928][  0]LogPackFactory: Copied "../../../Samples/StarterContent/Content/StarterContent/Props/Materials/M_Rock.uasset" to "../../../../Projekte/OpenWorldFPS/Content/StarterContent/Props/Materials/M_Rock.uasset"
[2018.07.22-18.23.54:939][  0]LogPackFactory: Copied "../../../Samples/StarterContent/Content/StarterContent/Props/Materials/M_Shelf.uasset" to "../../../../Projekte/OpenWorldFPS/Content/StarterContent/Props/Materials/M_Shelf.uasset"
[2018.07.22-18.23.54:948][  0]LogPackFactory: Copied "../../../Samples/StarterContent/Content/StarterContent/Props/Materials/M_Statue.uasset" to "../../../../Projekte/OpenWorldFPS/Content/StarterContent/Props/Materials/M_Statue.uasset"
[2018.07.22-18.23.54:976][  0]LogPackFactory: Copied "../../../Samples/StarterContent/Content/StarterContent/Props/Materials/M_StatueGlass.uasset" to "../../../../Projekte/OpenWorldFPS/Content/StarterContent/Props/Materials/M_StatueGlass.uasset"
[2018.07.22-18.23.54:987][  0]LogPackFactory: Copied "../../../Samples/StarterContent/Content/StarterContent/Props/Materials/M_TableRound.uasset" to "../../../../Projekte/OpenWorldFPS/Content/StarterContent/Props/Materials/M_TableRound.uasset"
[2018.07.22-18.23.54:997][  0]LogPackFactory: Copied "../../../Samples/StarterContent/Content/StarterContent/Shapes/Shape_Cone.uasset" to "../../../../Projekte/OpenWorldFPS/Content/StarterContent/Shapes/Shape_Cone.uasset"
[2018.07.22-18.23.55:005][  0]LogPackFactory: Copied "../../../Samples/StarterContent/Content/StarterContent/Shapes/Shape_Cube.uasset" to "../../../../Projekte/OpenWorldFPS/Content/StarterContent/Shapes/Shape_Cube.uasset"
[2018.07.22-18.23.55:018][  0]LogPackFactory: Copied "../../../Samples/StarterContent/Content/StarterContent/Shapes/Shape_Cylinder.uasset" to "../../../../Projekte/OpenWorldFPS/Content/StarterContent/Shapes/Shape_Cylinder.uasset"
[2018.07.22-18.23.55:136][  0]LogPackFactory: Copied "../../../Samples/StarterContent/Content/StarterContent/Shapes/Shape_NarrowCapsule.uasset" to "../../../../Projekte/OpenWorldFPS/Content/StarterContent/Shapes/Shape_NarrowCapsule.uasset"
[2018.07.22-18.23.55:147][  0]LogPackFactory: Copied "../../../Samples/StarterContent/Content/StarterContent/Shapes/Shape_Pipe.uasset" to "../../../../Projekte/OpenWorldFPS/Content/StarterContent/Shapes/Shape_Pipe.uasset"
[2018.07.22-18.23.55:171][  0]LogPackFactory: Copied "../../../Samples/StarterContent/Content/StarterContent/Shapes/Shape_Pipe_180.uasset" to "../../../../Projekte/OpenWorldFPS/Content/StarterContent/Shapes/Shape_Pipe_180.uasset"
[2018.07.22-18.23.55:181][  0]LogPackFactory: Copied "../../../Samples/StarterContent/Content/StarterContent/Shapes/Shape_Pipe_90.uasset" to "../../../../Projekte/OpenWorldFPS/Content/StarterContent/Shapes/Shape_Pipe_90.uasset"
[2018.07.22-18.23.55:188][  0]LogPackFactory: Copied "../../../Samples/StarterContent/Content/StarterContent/Shapes/Shape_Plane.uasset" to "../../../../Projekte/OpenWorldFPS/Content/StarterContent/Shapes/Shape_Plane.uasset"
[2018.07.22-18.23.55:196][  0]LogPackFactory: Copied "../../../Samples/StarterContent/Content/StarterContent/Shapes/Shape_QuadPyramid.uasset" to "../../../../Projekte/OpenWorldFPS/Content/StarterContent/Shapes/Shape_QuadPyramid.uasset"
[2018.07.22-18.23.55:212][  0]LogPackFactory: Copied "../../../Samples/StarterContent/Content/StarterContent/Shapes/Shape_Sphere.uasset" to "../../../../Projekte/OpenWorldFPS/Content/StarterContent/Shapes/Shape_Sphere.uasset"
[2018.07.22-18.23.55:224][  0]LogPackFactory: Copied "../../../Samples/StarterContent/Content/StarterContent/Shapes/Shape_Torus.uasset" to "../../../../Projekte/OpenWorldFPS/Content/StarterContent/Shapes/Shape_Torus.uasset"
[2018.07.22-18.23.55:232][  0]LogPackFactory: Copied "../../../Samples/StarterContent/Content/StarterContent/Shapes/Shape_Trim.uasset" to "../../../../Projekte/OpenWorldFPS/Content/StarterContent/Shapes/Shape_Trim.uasset"
[2018.07.22-18.23.55:240][  0]LogPackFactory: Copied "../../../Samples/StarterContent/Content/StarterContent/Shapes/Shape_Trim_90_In.uasset" to "../../../../Projekte/OpenWorldFPS/Content/StarterContent/Shapes/Shape_Trim_90_In.uasset"
[2018.07.22-18.23.55:249][  0]LogPackFactory: Copied "../../../Samples/StarterContent/Content/StarterContent/Shapes/Shape_Trim_90_Out.uasset" to "../../../../Projekte/OpenWorldFPS/Content/StarterContent/Shapes/Shape_Trim_90_Out.uasset"
[2018.07.22-18.23.55:256][  0]LogPackFactory: Copied "../../../Samples/StarterContent/Content/StarterContent/Shapes/Shape_TriPyramid.uasset" to "../../../../Projekte/OpenWorldFPS/Content/StarterContent/Shapes/Shape_TriPyramid.uasset"
[2018.07.22-18.23.55:265][  0]LogPackFactory: Copied "../../../Samples/StarterContent/Content/StarterContent/Shapes/Shape_Tube.uasset" to "../../../../Projekte/OpenWorldFPS/Content/StarterContent/Shapes/Shape_Tube.uasset"
[2018.07.22-18.23.55:272][  0]LogPackFactory: Copied "../../../Samples/StarterContent/Content/StarterContent/Shapes/Shape_Wedge_A.uasset" to "../../../../Projekte/OpenWorldFPS/Content/StarterContent/Shapes/Shape_Wedge_A.uasset"
[2018.07.22-18.23.55:282][  0]LogPackFactory: Copied "../../../Samples/StarterContent/Content/StarterContent/Shapes/Shape_Wedge_B.uasset" to "../../../../Projekte/OpenWorldFPS/Content/StarterContent/Shapes/Shape_Wedge_B.uasset"
[2018.07.22-18.23.55:305][  0]LogPackFactory: Copied "../../../Samples/StarterContent/Content/StarterContent/Shapes/Shape_WideCapsule.uasset" to "../../../../Projekte/OpenWorldFPS/Content/StarterContent/Shapes/Shape_WideCapsule.uasset"
[2018.07.22-18.23.55:508][  0]LogPackFactory: Copied "../../../Samples/StarterContent/Content/StarterContent/Textures/T_Brick_Clay_Beveled_D.uasset" to "../../../../Projekte/OpenWorldFPS/Content/StarterContent/Textures/T_Brick_Clay_Beveled_D.uasset"
[2018.07.22-18.23.55:676][  0]LogPackFactory: Copied "../../../Samples/StarterContent/Content/StarterContent/Textures/T_Brick_Clay_Beveled_M.uasset" to "../../../../Projekte/OpenWorldFPS/Content/StarterContent/Textures/T_Brick_Clay_Beveled_M.uasset"
[2018.07.22-18.23.55:828][  0]LogPackFactory: Copied "../../../Samples/StarterContent/Content/StarterContent/Textures/T_Brick_Clay_Beveled_N.uasset" to "../../../../Projekte/OpenWorldFPS/Content/StarterContent/Textures/T_Brick_Clay_Beveled_N.uasset"
[2018.07.22-18.23.55:936][  0]LogPackFactory: Copied "../../../Samples/StarterContent/Content/StarterContent/Textures/T_Brick_Clay_New_D.uasset" to "../../../../Projekte/OpenWorldFPS/Content/StarterContent/Textures/T_Brick_Clay_New_D.uasset"
[2018.07.22-18.23.56:113][  0]LogPackFactory: Copied "../../../Samples/StarterContent/Content/StarterContent/Textures/T_Brick_Clay_New_M.uasset" to "../../../../Projekte/OpenWorldFPS/Content/StarterContent/Textures/T_Brick_Clay_New_M.uasset"
[2018.07.22-18.23.56:261][  0]LogPackFactory: Copied "../../../Samples/StarterContent/Content/StarterContent/Textures/T_Brick_Clay_New_N.uasset" to "../../../../Projekte/OpenWorldFPS/Content/StarterContent/Textures/T_Brick_Clay_New_N.uasset"
[2018.07.22-18.23.56:473][  0]LogPackFactory: Copied "../../../Samples/StarterContent/Content/StarterContent/Textures/T_Brick_Clay_Old_D.uasset" to "../../../../Projekte/OpenWorldFPS/Content/StarterContent/Textures/T_Brick_Clay_Old_D.uasset"
[2018.07.22-18.23.56:716][  0]LogPackFactory: Copied "../../../Samples/StarterContent/Content/StarterContent/Textures/T_Brick_Clay_Old_N.uasset" to "../../../../Projekte/OpenWorldFPS/Content/StarterContent/Textures/T_Brick_Clay_Old_N.uasset"
[2018.07.22-18.23.57:081][  0]LogPackFactory: Copied "../../../Samples/StarterContent/Content/StarterContent/Textures/T_Brick_Cut_Stone_D.uasset" to "../../../../Projekte/OpenWorldFPS/Content/StarterContent/Textures/T_Brick_Cut_Stone_D.uasset"
[2018.07.22-18.23.57:338][  0]LogPackFactory: Copied "../../../Samples/StarterContent/Content/StarterContent/Textures/T_Brick_Cut_Stone_N.uasset" to "../../../../Projekte/OpenWorldFPS/Content/StarterContent/Textures/T_Brick_Cut_Stone_N.uasset"
[2018.07.22-18.23.57:455][  0]LogPackFactory: Copied "../../../Samples/StarterContent/Content/StarterContent/Textures/T_Brick_Hewn_Stone_D.uasset" to "../../../../Projekte/OpenWorldFPS/Content/StarterContent/Textures/T_Brick_Hewn_Stone_D.uasset"
[2018.07.22-18.23.57:771][  0]LogPackFactory: Copied "../../../Samples/StarterContent/Content/StarterContent/Textures/T_Brick_Hewn_Stone_M.uasset" to "../../../../Projekte/OpenWorldFPS/Content/StarterContent/Textures/T_Brick_Hewn_Stone_M.uasset"
[2018.07.22-18.23.57:940][  0]LogPackFactory: Copied "../../../Samples/StarterContent/Content/StarterContent/Textures/T_Brick_Hewn_Stone_N.uasset" to "../../../../Projekte/OpenWorldFPS/Content/StarterContent/Textures/T_Brick_Hewn_Stone_N.uasset"
[2018.07.22-18.23.57:981][  0]LogPackFactory: Copied "../../../Samples/StarterContent/Content/StarterContent/Textures/T_Burst_M.uasset" to "../../../../Projekte/OpenWorldFPS/Content/StarterContent/Textures/T_Burst_M.uasset"
[2018.07.22-18.23.58:103][  0]LogPackFactory: Copied "../../../Samples/StarterContent/Content/StarterContent/Textures/T_Bush_D.uasset" to "../../../../Projekte/OpenWorldFPS/Content/StarterContent/Textures/T_Bush_D.uasset"
[2018.07.22-18.23.58:117][  0]LogPackFactory: Copied "../../../Samples/StarterContent/Content/StarterContent/Textures/T_Bush_N.uasset" to "../../../../Projekte/OpenWorldFPS/Content/StarterContent/Textures/T_Bush_N.uasset"
[2018.07.22-18.23.58:145][  0]LogPackFactory: Copied "../../../Samples/StarterContent/Content/StarterContent/Textures/T_Ceramic_Tile_M.uasset" to "../../../../Projekte/OpenWorldFPS/Content/StarterContent/Textures/T_Ceramic_Tile_M.uasset"
[2018.07.22-18.23.58:164][  0]LogPackFactory: Copied "../../../Samples/StarterContent/Content/StarterContent/Textures/T_Ceramic_Tile_N.uasset" to "../../../../Projekte/OpenWorldFPS/Content/StarterContent/Textures/T_Ceramic_Tile_N.uasset"
[2018.07.22-18.23.58:203][  0]LogPackFactory: Copied "../../../Samples/StarterContent/Content/StarterContent/Textures/T_Chair_M.uasset" to "../../../../Projekte/OpenWorldFPS/Content/StarterContent/Textures/T_Chair_M.uasset"
[2018.07.22-18.23.58:264][  0]LogPackFactory: Copied "../../../Samples/StarterContent/Content/StarterContent/Textures/T_Chair_N.uasset" to "../../../../Projekte/OpenWorldFPS/Content/StarterContent/Textures/T_Chair_N.uasset"
[2018.07.22-18.23.58:296][  0]LogPackFactory: Copied "../../../Samples/StarterContent/Content/StarterContent/Textures/T_Checker_Noise_M.uasset" to "../../../../Projekte/OpenWorldFPS/Content/StarterContent/Textures/T_Checker_Noise_M.uasset"
[2018.07.22-18.23.58:647][  0]LogPackFactory: Copied "../../../Samples/StarterContent/Content/StarterContent/Textures/T_CobbleStone_Pebble_D.uasset" to "../../../../Projekte/OpenWorldFPS/Content/StarterContent/Textures/T_CobbleStone_Pebble_D.uasset"
[2018.07.22-18.23.58:695][  0]LogPackFactory: Copied "../../../Samples/StarterContent/Content/StarterContent/Textures/T_CobbleStone_Pebble_M.uasset" to "../../../../Projekte/OpenWorldFPS/Content/StarterContent/Textures/T_CobbleStone_Pebble_M.uasset"
[2018.07.22-18.23.58:945][  0]LogPackFactory: Copied "../../../Samples/StarterContent/Content/StarterContent/Textures/T_CobbleStone_Pebble_N.uasset" to "../../../../Projekte/OpenWorldFPS/Content/StarterContent/Textures/T_CobbleStone_Pebble_N.uasset"
[2018.07.22-18.23.59:171][  0]LogPackFactory: Copied "../../../Samples/StarterContent/Content/StarterContent/Textures/T_CobbleStone_Rough_D.uasset" to "../../../../Projekte/OpenWorldFPS/Content/StarterContent/Textures/T_CobbleStone_Rough_D.uasset"
[2018.07.22-18.23.59:246][  0]LogPackFactory: Copied "../../../Samples/StarterContent/Content/StarterContent/Textures/T_CobbleStone_Rough_N.uasset" to "../../../../Projekte/OpenWorldFPS/Content/StarterContent/Textures/T_CobbleStone_Rough_N.uasset"
[2018.07.22-18.23.59:392][  0]LogPackFactory: Copied "../../../Samples/StarterContent/Content/StarterContent/Textures/T_CobbleStone_Smooth_D.uasset" to "../../../../Projekte/OpenWorldFPS/Content/StarterContent/Textures/T_CobbleStone_Smooth_D.uasset"
[2018.07.22-18.23.59:671][  0]LogPackFactory: Copied "../../../Samples/StarterContent/Content/StarterContent/Textures/T_CobbleStone_Smooth_M.uasset" to "../../../../Projekte/OpenWorldFPS/Content/StarterContent/Textures/T_CobbleStone_Smooth_M.uasset"
[2018.07.22-18.23.59:861][  0]LogPackFactory: Copied "../../../Samples/StarterContent/Content/StarterContent/Textures/T_CobbleStone_Smooth_N.uasset" to "../../../../Projekte/OpenWorldFPS/Content/StarterContent/Textures/T_CobbleStone_Smooth_N.uasset"
[2018.07.22-18.24.00:273][  0]LogPackFactory: Copied "../../../Samples/StarterContent/Content/StarterContent/Textures/T_Concrete_Grime_D.uasset" to "../../../../Projekte/OpenWorldFPS/Content/StarterContent/Textures/T_Concrete_Grime_D.uasset"
[2018.07.22-18.24.00:429][  0]LogPackFactory: Copied "../../../Samples/StarterContent/Content/StarterContent/Textures/T_Concrete_Panels_D.uasset" to "../../../../Projekte/OpenWorldFPS/Content/StarterContent/Textures/T_Concrete_Panels_D.uasset"
[2018.07.22-18.24.00:644][  0]LogPackFactory: Copied "../../../Samples/StarterContent/Content/StarterContent/Textures/T_Concrete_Panels_N.uasset" to "../../../../Projekte/OpenWorldFPS/Content/StarterContent/Textures/T_Concrete_Panels_N.uasset"
[2018.07.22-18.24.00:986][  0]LogPackFactory: Copied "../../../Samples/StarterContent/Content/StarterContent/Textures/T_Concrete_Poured_D.uasset" to "../../../../Projekte/OpenWorldFPS/Content/StarterContent/Textures/T_Concrete_Poured_D.uasset"
[2018.07.22-18.24.01:190][  0]LogPackFactory: Copied "../../../Samples/StarterContent/Content/StarterContent/Textures/T_Concrete_Poured_N.uasset" to "../../../../Projekte/OpenWorldFPS/Content/StarterContent/Textures/T_Concrete_Poured_N.uasset"
[2018.07.22-18.24.01:326][  0]LogPackFactory: Copied "../../../Samples/StarterContent/Content/StarterContent/Textures/T_Concrete_Tiles_D.uasset" to "../../../../Projekte/OpenWorldFPS/Content/StarterContent/Textures/T_Concrete_Tiles_D.uasset"
[2018.07.22-18.24.01:581][  0]LogPackFactory: Copied "../../../Samples/StarterContent/Content/StarterContent/Textures/T_Concrete_Tiles_M.uasset" to "../../../../Projekte/OpenWorldFPS/Content/StarterContent/Textures/T_Concrete_Tiles_M.uasset"
[2018.07.22-18.24.01:724][  0]LogPackFactory: Copied "../../../Samples/StarterContent/Content/StarterContent/Textures/T_Concrete_Tiles_N.uasset" to "../../../../Projekte/OpenWorldFPS/Content/StarterContent/Textures/T_Concrete_Tiles_N.uasset"
[2018.07.22-18.24.01:762][  0]LogPackFactory: Copied "../../../Samples/StarterContent/Content/StarterContent/Textures/T_Concrete_Tiles_Variation_M.uasset" to "../../../../Projekte/OpenWorldFPS/Content/StarterContent/Textures/T_Concrete_Tiles_Variation_M.uasset"
[2018.07.22-18.24.01:878][  0]LogPackFactory: Copied "../../../Samples/StarterContent/Content/StarterContent/Textures/T_Detail_Rocky_N.uasset" to "../../../../Projekte/OpenWorldFPS/Content/StarterContent/Textures/T_Detail_Rocky_N.uasset"
[2018.07.22-18.24.01:919][  0]LogPackFactory: Copied "../../../Samples/StarterContent/Content/StarterContent/Textures/T_Door_M.uasset" to "../../../../Projekte/OpenWorldFPS/Content/StarterContent/Textures/T_Door_M.uasset"
[2018.07.22-18.24.01:967][  0]LogPackFactory: Copied "../../../Samples/StarterContent/Content/StarterContent/Textures/T_Door_N.uasset" to "../../../../Projekte/OpenWorldFPS/Content/StarterContent/Textures/T_Door_N.uasset"
[2018.07.22-18.24.02:074][  0]LogPackFactory: Copied "../../../Samples/StarterContent/Content/StarterContent/Textures/T_Dust_Particle_D.uasset" to "../../../../Projekte/OpenWorldFPS/Content/StarterContent/Textures/T_Dust_Particle_D.uasset"
[2018.07.22-18.24.02:161][  0]LogPackFactory: Copied "../../../Samples/StarterContent/Content/StarterContent/Textures/T_Explosion_SubUV.uasset" to "../../../../Projekte/OpenWorldFPS/Content/StarterContent/Textures/T_Explosion_SubUV.uasset"
[2018.07.22-18.24.02:191][  0]LogPackFactory: Copied "../../../Samples/StarterContent/Content/StarterContent/Textures/T_Fire_SubUV.uasset" to "../../../../Projekte/OpenWorldFPS/Content/StarterContent/Textures/T_Fire_SubUV.uasset"
[2018.07.22-18.24.02:230][  0]LogPackFactory: Copied "../../../Samples/StarterContent/Content/StarterContent/Textures/T_Fire_Tiled_D.uasset" to "../../../../Projekte/OpenWorldFPS/Content/StarterContent/Textures/T_Fire_Tiled_D.uasset"
[2018.07.22-18.24.02:262][  0]LogPackFactory: Copied "../../../Samples/StarterContent/Content/StarterContent/Textures/T_Frame_M.uasset" to "../../../../Projekte/OpenWorldFPS/Content/StarterContent/Textures/T_Frame_M.uasset"
[2018.07.22-18.24.02:309][  0]LogPackFactory: Copied "../../../Samples/StarterContent/Content/StarterContent/Textures/T_Frame_N.uasset" to "../../../../Projekte/OpenWorldFPS/Content/StarterContent/Textures/T_Frame_N.uasset"
[2018.07.22-18.24.02:340][  0]LogPackFactory: Copied "../../../Samples/StarterContent/Content/StarterContent/Textures/T_Gradinet_01.uasset" to "../../../../Projekte/OpenWorldFPS/Content/StarterContent/Textures/T_Gradinet_01.uasset"
[2018.07.22-18.24.02:754][  0]LogPackFactory: Copied "../../../Samples/StarterContent/Content/StarterContent/Textures/T_Ground_Grass_D.uasset" to "../../../../Projekte/OpenWorldFPS/Content/StarterContent/Textures/T_Ground_Grass_D.uasset"
[2018.07.22-18.24.03:492][  0]LogPackFactory: Copied "../../../Samples/StarterContent/Content/StarterContent/Textures/T_Ground_Grass_N.uasset" to "../../../../Projekte/OpenWorldFPS/Content/StarterContent/Textures/T_Ground_Grass_N.uasset"
[2018.07.22-18.24.03:789][  0]LogPackFactory: Copied "../../../Samples/StarterContent/Content/StarterContent/Textures/T_Ground_Gravel_D.uasset" to "../../../../Projekte/OpenWorldFPS/Content/StarterContent/Textures/T_Ground_Gravel_D.uasset"
[2018.07.22-18.24.04:062][  0]LogPackFactory: Copied "../../../Samples/StarterContent/Content/StarterContent/Textures/T_Ground_Gravel_N.uasset" to "../../../../Projekte/OpenWorldFPS/Content/StarterContent/Textures/T_Ground_Gravel_N.uasset"
[2018.07.22-18.24.04:357][  0]LogPackFactory: Copied "../../../Samples/StarterContent/Content/StarterContent/Textures/T_ground_Moss_D.uasset" to "../../../../Projekte/OpenWorldFPS/Content/StarterContent/Textures/T_ground_Moss_D.uasset"
[2018.07.22-18.24.04:675][  0]LogPackFactory: Copied "../../../Samples/StarterContent/Content/StarterContent/Textures/T_Ground_Moss_N.uasset" to "../../../../Projekte/OpenWorldFPS/Content/StarterContent/Textures/T_Ground_Moss_N.uasset"
[2018.07.22-18.24.04:722][  0]LogPackFactory: Copied "../../../Samples/StarterContent/Content/StarterContent/Textures/T_Lamp_M.uasset" to "../../../../Projekte/OpenWorldFPS/Content/StarterContent/Textures/T_Lamp_M.uasset"
[2018.07.22-18.24.04:773][  0]LogPackFactory: Copied "../../../Samples/StarterContent/Content/StarterContent/Textures/T_Lamp_N.uasset" to "../../../../Projekte/OpenWorldFPS/Content/StarterContent/Textures/T_Lamp_N.uasset"
[2018.07.22-18.24.05:013][  0]LogPackFactory: Copied "../../../Samples/StarterContent/Content/StarterContent/Textures/T_MacroVariation.uasset" to "../../../../Projekte/OpenWorldFPS/Content/StarterContent/Textures/T_MacroVariation.uasset"
[2018.07.22-18.24.05:344][  0]LogPackFactory: Copied "../../../Samples/StarterContent/Content/StarterContent/Textures/T_Metal_Aluminum_D.uasset" to "../../../../Projekte/OpenWorldFPS/Content/StarterContent/Textures/T_Metal_Aluminum_D.uasset"
[2018.07.22-18.24.05:624][  0]LogPackFactory: Copied "../../../Samples/StarterContent/Content/StarterContent/Textures/T_Metal_Copper_D.uasset" to "../../../../Projekte/OpenWorldFPS/Content/StarterContent/Textures/T_Metal_Copper_D.uasset"
[2018.07.22-18.24.05:835][  0]LogPackFactory: Copied "../../../Samples/StarterContent/Content/StarterContent/Textures/T_Metal_Gold_D.uasset" to "../../../../Projekte/OpenWorldFPS/Content/StarterContent/Textures/T_Metal_Gold_D.uasset"
[2018.07.22-18.24.05:961][  0]LogPackFactory: Copied "../../../Samples/StarterContent/Content/StarterContent/Textures/T_Metal_Gold_N.uasset" to "../../../../Projekte/OpenWorldFPS/Content/StarterContent/Textures/T_Metal_Gold_N.uasset"
[2018.07.22-18.24.06:271][  0]LogPackFactory: Copied "../../../Samples/StarterContent/Content/StarterContent/Textures/T_Metal_Rust_D.uasset" to "../../../../Projekte/OpenWorldFPS/Content/StarterContent/Textures/T_Metal_Rust_D.uasset"
[2018.07.22-18.24.06:492][  0]LogPackFactory: Copied "../../../Samples/StarterContent/Content/StarterContent/Textures/T_Metal_Rust_N.uasset" to "../../../../Projekte/OpenWorldFPS/Content/StarterContent/Textures/T_Metal_Rust_N.uasset"
[2018.07.22-18.24.06:600][  0]LogPackFactory: Copied "../../../Samples/StarterContent/Content/StarterContent/Textures/T_Metal_Steel_D.uasset" to "../../../../Projekte/OpenWorldFPS/Content/StarterContent/Textures/T_Metal_Steel_D.uasset"
[2018.07.22-18.24.06:820][  0]LogPackFactory: Copied "../../../Samples/StarterContent/Content/StarterContent/Textures/T_Metal_Steel_N.uasset" to "../../../../Projekte/OpenWorldFPS/Content/StarterContent/Textures/T_Metal_Steel_N.uasset"
[2018.07.22-18.24.06:971][  0]LogPackFactory: Copied "../../../Samples/StarterContent/Content/StarterContent/Textures/T_Perlin_Noise_M.uasset" to "../../../../Projekte/OpenWorldFPS/Content/StarterContent/Textures/T_Perlin_Noise_M.uasset"
[2018.07.22-18.24.07:071][  0]LogPackFactory: Copied "../../../Samples/StarterContent/Content/StarterContent/Textures/T_RockMesh_M.uasset" to "../../../../Projekte/OpenWorldFPS/Content/StarterContent/Textures/T_RockMesh_M.uasset"
[2018.07.22-18.24.07:277][  0]LogPackFactory: Copied "../../../Samples/StarterContent/Content/StarterContent/Textures/T_RockMesh_N.uasset" to "../../../../Projekte/OpenWorldFPS/Content/StarterContent/Textures/T_RockMesh_N.uasset"
[2018.07.22-18.24.07:487][  0]LogPackFactory: Copied "../../../Samples/StarterContent/Content/StarterContent/Textures/T_Rock_Basalt_D.uasset" to "../../../../Projekte/OpenWorldFPS/Content/StarterContent/Textures/T_Rock_Basalt_D.uasset"
[2018.07.22-18.24.07:725][  0]LogPackFactory: Copied "../../../Samples/StarterContent/Content/StarterContent/Textures/T_Rock_Basalt_N.uasset" to "../../../../Projekte/OpenWorldFPS/Content/StarterContent/Textures/T_Rock_Basalt_N.uasset"
[2018.07.22-18.24.07:887][  0]LogPackFactory: Copied "../../../Samples/StarterContent/Content/StarterContent/Textures/T_Rock_Marble_Polished_D.uasset" to "../../../../Projekte/OpenWorldFPS/Content/StarterContent/Textures/T_Rock_Marble_Polished_D.uasset"
[2018.07.22-18.24.08:150][  0]LogPackFactory: Copied "../../../Samples/StarterContent/Content/StarterContent/Textures/T_Rock_Sandstone_D.uasset" to "../../../../Projekte/OpenWorldFPS/Content/StarterContent/Textures/T_Rock_Sandstone_D.uasset"
[2018.07.22-18.24.08:379][  0]LogPackFactory: Copied "../../../Samples/StarterContent/Content/StarterContent/Textures/T_Rock_Sandstone_N.uasset" to "../../../../Projekte/OpenWorldFPS/Content/StarterContent/Textures/T_Rock_Sandstone_N.uasset"
[2018.07.22-18.24.09:262][  0]LogPackFactory: Copied "../../../Samples/StarterContent/Content/StarterContent/Textures/T_Rock_Slate_D.uasset" to "../../../../Projekte/OpenWorldFPS/Content/StarterContent/Textures/T_Rock_Slate_D.uasset"
[2018.07.22-18.24.09:583][  0]LogPackFactory: Copied "../../../Samples/StarterContent/Content/StarterContent/Textures/T_Rock_Slate_N.uasset" to "../../../../Projekte/OpenWorldFPS/Content/StarterContent/Textures/T_Rock_Slate_N.uasset"
[2018.07.22-18.24.09:736][  0]LogPackFactory: Copied "../../../Samples/StarterContent/Content/StarterContent/Textures/T_Rock_Smooth_Granite_D.uasset" to "../../../../Projekte/OpenWorldFPS/Content/StarterContent/Textures/T_Rock_Smooth_Granite_D.uasset"
[2018.07.22-18.24.09:773][  0]LogPackFactory: Copied "../../../Samples/StarterContent/Content/StarterContent/Textures/T_Shelf_M.uasset" to "../../../../Projekte/OpenWorldFPS/Content/StarterContent/Textures/T_Shelf_M.uasset"
[2018.07.22-18.24.09:875][  0]LogPackFactory: Copied "../../../Samples/StarterContent/Content/StarterContent/Textures/T_Shelf_N.uasset" to "../../../../Projekte/OpenWorldFPS/Content/StarterContent/Textures/T_Shelf_N.uasset"
[2018.07.22-18.24.09:912][  0]LogPackFactory: Copied "../../../Samples/StarterContent/Content/StarterContent/Textures/T_Single_Tile_N.uasset" to "../../../../Projekte/OpenWorldFPS/Content/StarterContent/Textures/T_Single_Tile_N.uasset"
[2018.07.22-18.24.10:096][  0]LogPackFactory: Copied "../../../Samples/StarterContent/Content/StarterContent/Textures/T_Smoke_SubUV.uasset" to "../../../../Projekte/OpenWorldFPS/Content/StarterContent/Textures/T_Smoke_SubUV.uasset"
[2018.07.22-18.24.10:133][  0]LogPackFactory: Copied "../../../Samples/StarterContent/Content/StarterContent/Textures/T_Smoke_Tiled_D.uasset" to "../../../../Projekte/OpenWorldFPS/Content/StarterContent/Textures/T_Smoke_Tiled_D.uasset"
[2018.07.22-18.24.10:162][  0]LogPackFactory: Copied "../../../Samples/StarterContent/Content/StarterContent/Textures/T_Spark_Core.uasset" to "../../../../Projekte/OpenWorldFPS/Content/StarterContent/Textures/T_Spark_Core.uasset"
[2018.07.22-18.24.10:203][  0]LogPackFactory: Copied "../../../Samples/StarterContent/Content/StarterContent/Textures/T_Statue_M.uasset" to "../../../../Projekte/OpenWorldFPS/Content/StarterContent/Textures/T_Statue_M.uasset"
[2018.07.22-18.24.10:230][  0]LogPackFactory: Copied "../../../Samples/StarterContent/Content/StarterContent/Textures/T_Statue_N.uasset" to "../../../../Projekte/OpenWorldFPS/Content/StarterContent/Textures/T_Statue_N.uasset"
[2018.07.22-18.24.10:267][  0]LogPackFactory: Copied "../../../Samples/StarterContent/Content/StarterContent/Textures/T_TableRound_M.uasset" to "../../../../Projekte/OpenWorldFPS/Content/StarterContent/Textures/T_TableRound_M.uasset"
[2018.07.22-18.24.10:325][  0]LogPackFactory: Copied "../../../Samples/StarterContent/Content/StarterContent/Textures/T_TableRound_N.uasset" to "../../../../Projekte/OpenWorldFPS/Content/StarterContent/Textures/T_TableRound_N.uasset"
[2018.07.22-18.24.10:370][  0]LogPackFactory: Copied "../../../Samples/StarterContent/Content/StarterContent/Textures/T_Tech_Dot_M.uasset" to "../../../../Projekte/OpenWorldFPS/Content/StarterContent/Textures/T_Tech_Dot_M.uasset"
[2018.07.22-18.24.10:385][  0]LogPackFactory: Copied "../../../Samples/StarterContent/Content/StarterContent/Textures/T_Tech_Dot_N.uasset" to "../../../../Projekte/OpenWorldFPS/Content/StarterContent/Textures/T_Tech_Dot_N.uasset"
[2018.07.22-18.24.10:400][  0]LogPackFactory: Copied "../../../Samples/StarterContent/Content/StarterContent/Textures/T_Tech_Hex_Tile_M.uasset" to "../../../../Projekte/OpenWorldFPS/Content/StarterContent/Textures/T_Tech_Hex_Tile_M.uasset"
[2018.07.22-18.24.10:420][  0]LogPackFactory: Copied "../../../Samples/StarterContent/Content/StarterContent/Textures/T_Tech_Hex_Tile_N.uasset" to "../../../../Projekte/OpenWorldFPS/Content/StarterContent/Textures/T_Tech_Hex_Tile_N.uasset"
[2018.07.22-18.24.10:453][  0]LogPackFactory: Copied "../../../Samples/StarterContent/Content/StarterContent/Textures/T_Tech_Panel_M.uasset" to "../../../../Projekte/OpenWorldFPS/Content/StarterContent/Textures/T_Tech_Panel_M.uasset"
[2018.07.22-18.24.10:499][  0]LogPackFactory: Copied "../../../Samples/StarterContent/Content/StarterContent/Textures/T_Tech_Panel_N.uasset" to "../../../../Projekte/OpenWorldFPS/Content/StarterContent/Textures/T_Tech_Panel_N.uasset"
[2018.07.22-18.24.10:634][  0]LogPackFactory: Copied "../../../Samples/StarterContent/Content/StarterContent/Textures/T_Water_M.uasset" to "../../../../Projekte/OpenWorldFPS/Content/StarterContent/Textures/T_Water_M.uasset"
[2018.07.22-18.24.10:690][  0]LogPackFactory: Copied "../../../Samples/StarterContent/Content/StarterContent/Textures/T_Water_N.uasset" to "../../../../Projekte/OpenWorldFPS/Content/StarterContent/Textures/T_Water_N.uasset"
[2018.07.22-18.24.10:790][  0]LogPackFactory: Copied "../../../Samples/StarterContent/Content/StarterContent/Textures/T_Wood_Floor_Walnut_D.uasset" to "../../../../Projekte/OpenWorldFPS/Content/StarterContent/Textures/T_Wood_Floor_Walnut_D.uasset"
[2018.07.22-18.24.10:884][  0]LogPackFactory: Copied "../../../Samples/StarterContent/Content/StarterContent/Textures/T_Wood_Floor_Walnut_M.uasset" to "../../../../Projekte/OpenWorldFPS/Content/StarterContent/Textures/T_Wood_Floor_Walnut_M.uasset"
[2018.07.22-18.24.10:980][  0]LogPackFactory: Copied "../../../Samples/StarterContent/Content/StarterContent/Textures/T_Wood_Floor_Walnut_N.uasset" to "../../../../Projekte/OpenWorldFPS/Content/StarterContent/Textures/T_Wood_Floor_Walnut_N.uasset"
[2018.07.22-18.24.11:232][  0]LogPackFactory: Copied "../../../Samples/StarterContent/Content/StarterContent/Textures/T_Wood_Oak_D.uasset" to "../../../../Projekte/OpenWorldFPS/Content/StarterContent/Textures/T_Wood_Oak_D.uasset"
[2018.07.22-18.24.11:391][  0]LogPackFactory: Copied "../../../Samples/StarterContent/Content/StarterContent/Textures/T_Wood_Oak_N.uasset" to "../../../../Projekte/OpenWorldFPS/Content/StarterContent/Textures/T_Wood_Oak_N.uasset"
[2018.07.22-18.24.11:692][  0]LogPackFactory: Copied "../../../Samples/StarterContent/Content/StarterContent/Textures/T_Wood_Pine_D.uasset" to "../../../../Projekte/OpenWorldFPS/Content/StarterContent/Textures/T_Wood_Pine_D.uasset"
[2018.07.22-18.24.11:774][  0]LogPackFactory: Copied "../../../Samples/StarterContent/Content/StarterContent/Textures/T_Wood_Pine_N.uasset" to "../../../../Projekte/OpenWorldFPS/Content/StarterContent/Textures/T_Wood_Pine_N.uasset"
[2018.07.22-18.24.12:044][  0]LogPackFactory: Copied "../../../Samples/StarterContent/Content/StarterContent/Textures/T_Wood_Walnut_D.uasset" to "../../../../Projekte/OpenWorldFPS/Content/StarterContent/Textures/T_Wood_Walnut_D.uasset"
[2018.07.22-18.24.12:118][  0]LogPackFactory: Copied "../../../Samples/StarterContent/Content/StarterContent/Textures/T_Wood_Walnut_N.uasset" to "../../../../Projekte/OpenWorldFPS/Content/StarterContent/Textures/T_Wood_Walnut_N.uasset"
[2018.07.22-18.24.13:168][  0]LogRenderer: Reallocating scene render targets to support 256x256 Format 10 NumSamples 1 (Frame:1).
[2018.07.22-18.24.13:232][  0]Cmd: OBJ SAVEPACKAGE PACKAGE="/Game/StarterContent/Architecture/Floor_400x400" FILE="../../../../Projekte/OpenWorldFPS/Content/StarterContent/Architecture/Floor_400x400.uasset" SILENT=true
[2018.07.22-18.24.13:498][  0]LogSavePackage: Moving '../../../../Projekte/OpenWorldFPS/Saved/Floor_400x400E2147ABD412481E97FECCDBC493F7F9A.tmp' to '../../../../Projekte/OpenWorldFPS/Content/StarterContent/Architecture/Floor_400x400.uasset'
[2018.07.22-18.24.13:550][  0]LogFeaturePack: Warning: Inserted 1 feature packs
[2018.07.22-18.24.13:589][  0]Cmd: MAP LOAD FILE="../../../../Projekte/OpenWorldFPS/Content/ThirdPersonBP/Maps/ThirdPersonExampleMap.umap" TEMPLATE=0 SHOWPROGRESS=1 FEATURELEVEL=3
[2018.07.22-18.24.13:590][  0]LightingResults: New page: Lighting Build
[2018.07.22-18.24.13:591][  0]MapCheck: New page: Map Check
[2018.07.22-18.24.13:591][  0]LightingResults: New page: Lighting Build
[2018.07.22-18.24.13:924][  0]LogAIModule: Creating AISystem for world ThirdPersonExampleMap
[2018.07.22-18.24.13:930][  0]LogEditorServer: Finished looking for orphan Actors (0.000 secs)
[2018.07.22-18.24.13:951][  0]Cmd: MAP CHECKDEP NOCLEARLOG
[2018.07.22-18.24.13:984][  0]MapCheck: Map check complete: 0 Error(s), 0 Warning(s), took 32,225ms to complete.
[2018.07.22-18.24.13:984][  0]LogFileHelpers: Loading map 'ThirdPersonExampleMap' took 0.395
[2018.07.22-18.24.14:073][  0]LogSlate: Updating window title bar state: overlay mode, drag disabled, window buttons hidden, title bar hidden
[2018.07.22-18.24.14:078][  0]LogSlate: Updating window title bar state: overlay mode, drag disabled, window buttons hidden, title bar hidden
[2018.07.22-18.24.14:083][  0]LogSlate: Updating window title bar state: overlay mode, drag disabled, window buttons hidden, title bar hidden
[2018.07.22-18.24.14:088][  0]LogSlate: Updating window title bar state: overlay mode, drag disabled, window buttons hidden, title bar hidden
[2018.07.22-18.24.14:092][  0]LogCollectionManager: Loaded 0 collections in 0.000494 seconds
[2018.07.22-18.24.15:429][  0]LogFileCache: Scanning file cache for directory 'E:/UN4/Projekte/OpenWorldFPS/Saved/Collections/' took 0.01s
[2018.07.22-18.24.15:429][  0]LogFileCache: Scanning file cache for directory 'E:/UN4/Projekte/OpenWorldFPS/Content/Developers/Smily/Collections/' took 0.01s
[2018.07.22-18.24.15:429][  0]LogFileCache: Scanning file cache for directory 'E:/UN4/Projekte/OpenWorldFPS/Content/Collections/' took 0.01s
[2018.07.22-18.24.15:429][  0]LogCollectionManager: Rebuilt the GUID cache for 0 collections in 0.000001 seconds
[2018.07.22-18.24.15:436][  0]LogContentBrowser: Native class hierarchy populated in 0.0070 seconds. Added 2572 classes and 603 folders.
[2018.07.22-18.24.15:440][  0]LogContentBrowser: Native class hierarchy updated for 'WidgetCarousel' in 0.0002 seconds. Added 0 classes and 0 folders.
[2018.07.22-18.24.15:462][  0]LogContentBrowser: Native class hierarchy updated for 'AddContentDialog' in 0.0002 seconds. Added 0 classes and 0 folders.
[2018.07.22-18.24.15:465][  0]LogContentBrowser: Native class hierarchy updated for 'SceneOutliner' in 0.0002 seconds. Added 1 classes and 2 folders.
[2018.07.22-18.24.15:519][  0]LogSlate: Took 0.000135 seconds to synchronously load lazily loaded font '../../../Engine/Content/Slate/Fonts/Roboto-Regular.ttf' (155K)
[2018.07.22-18.24.15:522][  0]LogSlate: Took 0.000163 seconds to synchronously load lazily loaded font '../../../Engine/Content/Slate/Fonts/Roboto-Bold.ttf' (160K)
[2018.07.22-18.24.15:525][  0]LogSlate: Took 0.000148 seconds to synchronously load lazily loaded font '../../../Engine/Content/Editor/Slate/Fonts/FontAwesome.ttf' (139K)
[2018.07.22-18.24.15:563][  0]LogRenderer: Reallocating scene render targets to support 1152x592 Format 10 NumSamples 1 (Frame:1).
[2018.07.22-18.24.15:605][  0]LogSlate: Took 0.000162 seconds to synchronously load lazily loaded font '../../../Engine/Content/Slate/Fonts/Roboto-Light.ttf' (167K)
[2018.07.22-18.24.15:701][  0]LogContentBrowser: Native class hierarchy updated for 'HierarchicalLODOutliner' in 0.0002 seconds. Added 0 classes and 0 folders.
[2018.07.22-18.24.15:701][  0]LogLoad: (Engine Initialization) Total time: 38.28 seconds
[2018.07.22-18.24.15:701][  0]LogLoad: (Engine Initialization) Total Blueprint compile time: 0.00 seconds
[2018.07.22-18.24.15:711][  0]LogWindowsTextInputMethodSystem: Display: IME system now deactivated.
[2018.07.22-18.24.16:995][  0]LogAssetRegistry: Asset discovery search completed in 35.5449 seconds
[2018.07.22-18.24.16:996][  0]LogCollectionManager: Rebuilt the object cache for 0 collections in 0.000000 seconds (found 0 objects)
[2018.07.22-18.24.16:996][  0]LogCollectionManager: Fixed up redirectors for 0 collections in 0.000032 seconds (updated 0 objects)
[2018.07.22-18.24.17:051][  0]LogContentStreaming: Texture pool size now 3000 MB
[2018.07.22-18.24.20:441][399]LogSlate: FSceneViewport::OnFocusLost() reason 2
[2018.07.22-18.24.21:586][536]LogSlate: FSceneViewport::OnFocusLost() reason 2
